<?xml version="1.0" encoding="UTF-8"?>
<testsuite xmlns:xsi="http://www.w3.org/2001/XMLSchema-instance" xsi:noNamespaceSchemaLocation="https://maven.apache.org/surefire/maven-surefire-plugin/xsd/surefire-test-report-3.0.xsd" version="3.0" name="com.in28minules.springboot.learnspringboot.LearnSpringBootApplicationTests" time="1.942" tests="1" errors="0" skipped="0" failures="0">
  <properties>
[...]
</properties>
  <testcase name="contextLoads" classname="com.in28minules.springboot.learnspringboot.LearnSpringBootApplicationTests" time="0.501">
    <system-out><![CDATA[15:30:27.098 [main] INFO org.springframework.test.context.support.AnnotationConfigContextLoaderUtils -- Could not detect default configuration classes for test class [com.in28minules.springboot.learnspringboot.LearnSpringBootApplicationTests]: LearnSpringBootApplicationTests does not declare any static, non-private, non-final, nested classes annotated with @Configuration.
15:30:27.177 [main] INFO org.springframework.boot.test.context.SpringBootTestContextBootstrapper -- Found @SpringBootConfiguration com.in28minules.springboot.learnspringboot.LearnSpringBootApplication for test class com.in28minules.springboot.learnspringboot.LearnSpringBootApplicationTests
15:30:27.272 [main] INFO org.springframework.boot.devtools.restart.RestartApplicationListener -- Restart disabled due to context in which it is running

  .   ____          _            __ _ _
 /\\ / ___'_ __ _ _(_)_ __  __ _ \ \ \ \
( ( )\___ | '_ | '_| | '_ \/ _` | \ \ \ \
 \\/  ___)| |_)| | | | | || (_| |  ) ) ) )
  '  |____| .__|_| |_|_| |_\__, | / / / /
 =========|_|==============|___/=/_/_/_/
 :: Spring Boot ::                (v3.2.3)

2024-03-20T15:30:27.396+09:00  INFO 8612 --- [learn-spring-boot] [           main] c.i.s.l.LearnSpringBootApplicationTests  : Starting LearnSpringBootApplicationTests using Java 17.0.9 with PID 8612 (started by user in C:\sist\javaworkspace\learn-spring-boot\learn-spring-boot)
2024-03-20T15:30:27.397+09:00  INFO 8612 --- [learn-spring-boot] [           main] c.i.s.l.LearnSpringBootApplicationTests  : No active profile set, falling back to 1 default profile: "default"
2024-03-20T15:30:27.397+09:00 DEBUG 8612 --- [learn-spring-boot] [           main] o.s.boot.SpringApplication               : Loading source class com.in28minules.springboot.learnspringboot.LearnSpringBootApplication
2024-03-20T15:30:27.417+09:00 DEBUG 8612 --- [learn-spring-boot] [           main] o.s.w.c.s.GenericWebApplicationContext   : Refreshing org.springframework.web.context.support.GenericWebApplicationContext@27cbfddf
2024-03-20T15:30:27.427+09:00 DEBUG 8612 --- [learn-spring-boot] [           main] o.s.b.f.s.DefaultListableBeanFactory     : Creating shared instance of singleton bean 'org.springframework.context.annotation.internalConfigurationAnnotationProcessor'
2024-03-20T15:30:27.434+09:00 DEBUG 8612 --- [learn-spring-boot] [           main] o.s.b.f.s.DefaultListableBeanFactory     : Creating shared instance of singleton bean 'org.springframework.boot.autoconfigure.internalCachingMetadataReaderFactory'
2024-03-20T15:30:27.448+09:00 DEBUG 8612 --- [learn-spring-boot] [           main] o.s.c.a.ClassPathBeanDefinitionScanner   : Identified candidate component class: file [C:\sist\javaworkspace\learn-spring-boot\learn-spring-boot\target\classes\com\in28minules\springboot\learnspringboot\CourseController.class]
2024-03-20T15:30:27.448+09:00 DEBUG 8612 --- [learn-spring-boot] [           main] o.s.c.a.ClassPathBeanDefinitionScanner   : Identified candidate component class: file [C:\sist\javaworkspace\learn-spring-boot\learn-spring-boot\target\classes\com\in28minules\springboot\learnspringboot\CurrencyConfigurationController.class]
2024-03-20T15:30:27.448+09:00 DEBUG 8612 --- [learn-spring-boot] [           main] o.s.c.a.ClassPathBeanDefinitionScanner   : Identified candidate component class: file [C:\sist\javaworkspace\learn-spring-boot\learn-spring-boot\target\classes\com\in28minules\springboot\learnspringboot\CurrencyServiceConfiguration.class]
2024-03-20T15:30:27.871+09:00 DEBUG 8612 --- [learn-spring-boot] [           main] o.s.b.f.s.DefaultListableBeanFactory     : Creating shared instance of singleton bean 'propertySourcesPlaceholderConfigurer'
2024-03-20T15:30:27.874+09:00 DEBUG 8612 --- [learn-spring-boot] [           main] o.s.b.f.s.DefaultListableBeanFactory     : Creating shared instance of singleton bean 'org.springframework.boot.test.mock.mockito.MockitoPostProcessor'
2024-03-20T15:30:27.876+09:00 DEBUG 8612 --- [learn-spring-boot] [           main] o.s.b.f.s.DefaultListableBeanFactory     : Creating shared instance of singleton bean 'org.springframework.boot.sql.init.dependency.DatabaseInitializationDependencyConfigurer$DependsOnDatabaseInitializationPostProcessor'
2024-03-20T15:30:27.892+09:00 DEBUG 8612 --- [learn-spring-boot] [           main] o.s.b.f.s.DefaultListableBeanFactory     : Creating shared instance of singleton bean 'org.springframework.context.event.internalEventListenerProcessor'
2024-03-20T15:30:27.893+09:00 DEBUG 8612 --- [learn-spring-boot] [           main] o.s.b.f.s.DefaultListableBeanFactory     : Creating shared instance of singleton bean 'preserveErrorControllerTargetClassPostProcessor'
2024-03-20T15:30:27.893+09:00 DEBUG 8612 --- [learn-spring-boot] [           main] o.s.b.f.s.DefaultListableBeanFactory     : Creating shared instance of singleton bean 'forceAutoProxyCreatorToUseClassProxying'
2024-03-20T15:30:27.894+09:00 DEBUG 8612 --- [learn-spring-boot] [           main] o.s.b.f.s.DefaultListableBeanFactory     : Creating shared instance of singleton bean 'org.springframework.context.event.internalEventListenerFactory'
2024-03-20T15:30:27.897+09:00 DEBUG 8612 --- [learn-spring-boot] [           main] o.s.b.f.s.DefaultListableBeanFactory     : Creating shared instance of singleton bean 'org.springframework.boot.test.mock.mockito.MockitoPostProcessor$SpyPostProcessor'
2024-03-20T15:30:27.898+09:00 DEBUG 8612 --- [learn-spring-boot] [           main] o.s.b.f.s.DefaultListableBeanFactory     : Creating shared instance of singleton bean 'org.springframework.context.annotation.internalAutowiredAnnotationProcessor'
2024-03-20T15:30:27.898+09:00 DEBUG 8612 --- [learn-spring-boot] [           main] o.s.b.f.s.DefaultListableBeanFactory     : Creating shared instance of singleton bean 'org.springframework.context.annotation.internalCommonAnnotationProcessor'
2024-03-20T15:30:27.901+09:00 DEBUG 8612 --- [learn-spring-boot] [           main] o.s.b.f.s.DefaultListableBeanFactory     : Creating shared instance of singleton bean 'org.springframework.boot.context.properties.ConfigurationPropertiesBindingPostProcessor'
2024-03-20T15:30:27.901+09:00 DEBUG 8612 --- [learn-spring-boot] [           main] o.s.b.f.s.DefaultListableBeanFactory     : Creating shared instance of singleton bean 'org.springframework.boot.context.internalConfigurationPropertiesBinder'
2024-03-20T15:30:27.903+09:00 DEBUG 8612 --- [learn-spring-boot] [           main] o.s.b.f.s.DefaultListableBeanFactory     : Creating shared instance of singleton bean 'org.springframework.aop.config.internalAutoProxyCreator'
2024-03-20T15:30:27.909+09:00 DEBUG 8612 --- [learn-spring-boot] [           main] o.s.b.f.s.DefaultListableBeanFactory     : Creating shared instance of singleton bean 'webServerFactoryCustomizerBeanPostProcessor'
2024-03-20T15:30:27.910+09:00 DEBUG 8612 --- [learn-spring-boot] [           main] o.s.b.f.s.DefaultListableBeanFactory     : Creating shared instance of singleton bean 'errorPageRegistrarBeanPostProcessor'
2024-03-20T15:30:27.910+09:00 DEBUG 8612 --- [learn-spring-boot] [           main] o.s.b.f.s.DefaultListableBeanFactory     : Creating shared instance of singleton bean 'healthEndpointGroupsBeanPostProcessor'
2024-03-20T15:30:27.912+09:00 DEBUG 8612 --- [learn-spring-boot] [           main] o.s.b.f.s.DefaultListableBeanFactory     : Creating shared instance of singleton bean 'meterRegistryPostProcessor'
2024-03-20T15:30:27.913+09:00 DEBUG 8612 --- [learn-spring-boot] [           main] o.s.b.f.s.DefaultListableBeanFactory     : Autowiring by type from bean name 'meterRegistryPostProcessor' via factory method to bean named 'org.springframework.web.context.support.GenericWebApplicationContext@27cbfddf'
2024-03-20T15:30:27.914+09:00 DEBUG 8612 --- [learn-spring-boot] [           main] o.s.b.f.s.DefaultListableBeanFactory     : Creating shared instance of singleton bean 'observationRegistryPostProcessor'
2024-03-20T15:30:27.917+09:00 DEBUG 8612 --- [learn-spring-boot] [           main] o.s.u.c.s.UiApplicationContextUtils      : Unable to locate ThemeSource with name 'themeSource': using default [org.springframework.ui.context.support.ResourceBundleThemeSource@40729f01]
2024-03-20T15:30:27.917+09:00 DEBUG 8612 --- [learn-spring-boot] [           main] o.s.b.f.s.DefaultListableBeanFactory     : Creating shared instance of singleton bean 'learnSpringBootApplication'
2024-03-20T15:30:27.918+09:00 DEBUG 8612 --- [learn-spring-boot] [           main] o.s.b.f.s.DefaultListableBeanFactory     : Creating shared instance of singleton bean 'courseController'
2024-03-20T15:30:27.919+09:00 DEBUG 8612 --- [learn-spring-boot] [           main] o.s.b.f.s.DefaultListableBeanFactory     : Creating shared instance of singleton bean 'currencyConfigurationController'
2024-03-20T15:30:27.922+09:00 DEBUG 8612 --- [learn-spring-boot] [           main] o.s.b.f.s.DefaultListableBeanFactory     : Creating shared instance of singleton bean 'currencyServiceConfiguration'
2024-03-20T15:30:27.922+09:00 DEBUG 8612 --- [learn-spring-boot] [           main] o.s.b.f.s.DefaultListableBeanFactory     : Creating shared instance of singleton bean 'org.springframework.boot.context.properties.BoundConfigurationProperties'
2024-03-20T15:30:27.932+09:00 DEBUG 8612 --- [learn-spring-boot] [           main] o.s.b.f.s.DefaultListableBeanFactory     : Creating shared instance of singleton bean 'org.springframework.boot.autoconfigure.AutoConfigurationPackages'
2024-03-20T15:30:27.932+09:00 DEBUG 8612 --- [learn-spring-boot] [           main] o.s.b.f.s.DefaultListableBeanFactory     : Creating shared instance of singleton bean 'org.springframework.boot.autoconfigure.context.PropertyPlaceholderAutoConfiguration'
2024-03-20T15:30:27.933+09:00 DEBUG 8612 --- [learn-spring-boot] [           main] o.s.b.f.s.DefaultListableBeanFactory     : Creating shared instance of singleton bean 'org.springframework.boot.autoconfigure.ssl.SslAutoConfiguration'
2024-03-20T15:30:27.933+09:00 DEBUG 8612 --- [learn-spring-boot] [           main] o.s.b.f.s.DefaultListableBeanFactory     : Creating shared instance of singleton bean 'spring.ssl-org.springframework.boot.autoconfigure.ssl.SslProperties'
2024-03-20T15:30:27.934+09:00 DEBUG 8612 --- [learn-spring-boot] [           main] o.s.b.f.s.DefaultListableBeanFactory     : Autowiring by type from bean name 'org.springframework.boot.autoconfigure.ssl.SslAutoConfiguration' via constructor to bean named 'spring.ssl-org.springframework.boot.autoconfigure.ssl.SslProperties'
2024-03-20T15:30:27.934+09:00 DEBUG 8612 --- [learn-spring-boot] [           main] o.s.b.f.s.DefaultListableBeanFactory     : Creating shared instance of singleton bean 'fileWatcher'
2024-03-20T15:30:27.935+09:00 DEBUG 8612 --- [learn-spring-boot] [           main] o.s.b.f.s.DefaultListableBeanFactory     : Creating shared instance of singleton bean 'sslPropertiesSslBundleRegistrar'
2024-03-20T15:30:27.935+09:00 DEBUG 8612 --- [learn-spring-boot] [           main] o.s.b.f.s.DefaultListableBeanFactory     : Autowiring by type from bean name 'sslPropertiesSslBundleRegistrar' via factory method to bean named 'fileWatcher'
2024-03-20T15:30:27.937+09:00 DEBUG 8612 --- [learn-spring-boot] [           main] o.s.b.f.s.DefaultListableBeanFactory     : Creating shared instance of singleton bean 'sslBundleRegistry'
2024-03-20T15:30:27.940+09:00 DEBUG 8612 --- [learn-spring-boot] [           main] o.s.b.f.s.DefaultListableBeanFactory     : Creating shared instance of singleton bean 'org.springframework.boot.context.properties.EnableConfigurationPropertiesRegistrar.methodValidationExcludeFilter'
2024-03-20T15:30:27.943+09:00 DEBUG 8612 --- [learn-spring-boot] [           main] o.s.b.f.s.DefaultListableBeanFactory     : Creating shared instance of singleton bean 'org.springframework.boot.autoconfigure.websocket.servlet.WebSocketServletAutoConfiguration$TomcatWebSocketConfiguration'
2024-03-20T15:30:27.944+09:00 DEBUG 8612 --- [learn-spring-boot] [           main] o.s.b.f.s.DefaultListableBeanFactory     : Creating shared instance of singleton bean 'websocketServletWebServerCustomizer'
2024-03-20T15:30:27.945+09:00 DEBUG 8612 --- [learn-spring-boot] [           main] o.s.b.f.s.DefaultListableBeanFactory     : Creating shared instance of singleton bean 'org.springframework.boot.autoconfigure.websocket.servlet.WebSocketServletAutoConfiguration'
2024-03-20T15:30:27.945+09:00 DEBUG 8612 --- [learn-spring-boot] [           main] o.s.b.f.s.DefaultListableBeanFactory     : Creating shared instance of singleton bean 'org.springframework.boot.autoconfigure.web.servlet.ServletWebServerFactoryConfiguration$EmbeddedTomcat'
2024-03-20T15:30:27.946+09:00 DEBUG 8612 --- [learn-spring-boot] [           main] o.s.b.f.s.DefaultListableBeanFactory     : Creating shared instance of singleton bean 'tomcatServletWebServerFactory'
2024-03-20T15:30:27.972+09:00 DEBUG 8612 --- [learn-spring-boot] [           main] o.s.b.f.s.DefaultListableBeanFactory     : Creating shared instance of singleton bean 'servletWebServerFactoryCustomizer'
2024-03-20T15:30:27.972+09:00 DEBUG 8612 --- [learn-spring-boot] [           main] o.s.b.f.s.DefaultListableBeanFactory     : Creating shared instance of singleton bean 'org.springframework.boot.autoconfigure.web.servlet.ServletWebServerFactoryAutoConfiguration'
2024-03-20T15:30:27.973+09:00 DEBUG 8612 --- [learn-spring-boot] [           main] o.s.b.f.s.DefaultListableBeanFactory     : Creating shared instance of singleton bean 'server-org.springframework.boot.autoconfigure.web.ServerProperties'
2024-03-20T15:30:27.980+09:00 DEBUG 8612 --- [learn-spring-boot] [           main] o.s.b.f.s.DefaultListableBeanFactory     : Autowiring by type from bean name 'servletWebServerFactoryCustomizer' via factory method to bean named 'server-org.springframework.boot.autoconfigure.web.ServerProperties'
2024-03-20T15:30:27.987+09:00 DEBUG 8612 --- [learn-spring-boot] [           main] o.s.b.f.s.DefaultListableBeanFactory     : Creating shared instance of singleton bean 'tomcatServletWebServerFactoryCustomizer'
2024-03-20T15:30:27.987+09:00 DEBUG 8612 --- [learn-spring-boot] [           main] o.s.b.f.s.DefaultListableBeanFactory     : Autowiring by type from bean name 'tomcatServletWebServerFactoryCustomizer' via factory method to bean named 'server-org.springframework.boot.autoconfigure.web.ServerProperties'
2024-03-20T15:30:27.988+09:00 DEBUG 8612 --- [learn-spring-boot] [           main] o.s.b.f.s.DefaultListableBeanFactory     : Creating shared instance of singleton bean 'localeCharsetMappingsCustomizer'
2024-03-20T15:30:27.988+09:00 DEBUG 8612 --- [learn-spring-boot] [           main] o.s.b.f.s.DefaultListableBeanFactory     : Creating shared instance of singleton bean 'org.springframework.boot.autoconfigure.web.servlet.HttpEncodingAutoConfiguration'
2024-03-20T15:30:27.989+09:00 DEBUG 8612 --- [learn-spring-boot] [           main] o.s.b.f.s.DefaultListableBeanFactory     : Autowiring by type from bean name 'org.springframework.boot.autoconfigure.web.servlet.HttpEncodingAutoConfiguration' via constructor to bean named 'server-org.springframework.boot.autoconfigure.web.ServerProperties'
2024-03-20T15:30:28.001+09:00 DEBUG 8612 --- [learn-spring-boot] [           main] o.s.b.f.s.DefaultListableBeanFactory     : Creating shared instance of singleton bean 'errorPageCustomizer'
2024-03-20T15:30:28.002+09:00 DEBUG 8612 --- [learn-spring-boot] [           main] o.s.b.f.s.DefaultListableBeanFactory     : Creating shared instance of singleton bean 'org.springframework.boot.autoconfigure.web.servlet.error.ErrorMvcAutoConfiguration'
2024-03-20T15:30:28.002+09:00 DEBUG 8612 --- [learn-spring-boot] [           main] o.s.b.f.s.DefaultListableBeanFactory     : Autowiring by type from bean name 'org.springframework.boot.autoconfigure.web.servlet.error.ErrorMvcAutoConfiguration' via constructor to bean named 'server-org.springframework.boot.autoconfigure.web.ServerProperties'
2024-03-20T15:30:28.003+09:00 DEBUG 8612 --- [learn-spring-boot] [           main] o.s.b.f.s.DefaultListableBeanFactory     : Creating shared instance of singleton bean 'dispatcherServletRegistration'
2024-03-20T15:30:28.003+09:00 DEBUG 8612 --- [learn-spring-boot] [           main] o.s.b.f.s.DefaultListableBeanFactory     : Creating shared instance of singleton bean 'org.springframework.boot.autoconfigure.web.servlet.DispatcherServletAutoConfiguration$DispatcherServletRegistrationConfiguration'
2024-03-20T15:30:28.005+09:00 DEBUG 8612 --- [learn-spring-boot] [           main] o.s.b.f.s.DefaultListableBeanFactory     : Creating shared instance of singleton bean 'dispatcherServlet'
2024-03-20T15:30:28.005+09:00 DEBUG 8612 --- [learn-spring-boot] [           main] o.s.b.f.s.DefaultListableBeanFactory     : Creating shared instance of singleton bean 'org.springframework.boot.autoconfigure.web.servlet.DispatcherServletAutoConfiguration$DispatcherServletConfiguration'
2024-03-20T15:30:28.005+09:00 DEBUG 8612 --- [learn-spring-boot] [           main] o.s.b.f.s.DefaultListableBeanFactory     : Creating shared instance of singleton bean 'spring.mvc-org.springframework.boot.autoconfigure.web.servlet.WebMvcProperties'
2024-03-20T15:30:28.010+09:00 DEBUG 8612 --- [learn-spring-boot] [           main] o.s.b.f.s.DefaultListableBeanFactory     : Autowiring by type from bean name 'dispatcherServlet' via factory method to bean named 'spring.mvc-org.springframework.boot.autoconfigure.web.servlet.WebMvcProperties'
2024-03-20T15:30:28.021+09:00 DEBUG 8612 --- [learn-spring-boot] [           main] o.s.b.f.s.DefaultListableBeanFactory     : Autowiring by type from bean name 'dispatcherServletRegistration' via factory method to bean named 'dispatcherServlet'
2024-03-20T15:30:28.022+09:00 DEBUG 8612 --- [learn-spring-boot] [           main] o.s.b.f.s.DefaultListableBeanFactory     : Autowiring by type from bean name 'dispatcherServletRegistration' via factory method to bean named 'spring.mvc-org.springframework.boot.autoconfigure.web.servlet.WebMvcProperties'
2024-03-20T15:30:28.023+09:00 DEBUG 8612 --- [learn-spring-boot] [           main] o.s.b.f.s.DefaultListableBeanFactory     : Creating shared instance of singleton bean 'multipartConfigElement'
2024-03-20T15:30:28.023+09:00 DEBUG 8612 --- [learn-spring-boot] [           main] o.s.b.f.s.DefaultListableBeanFactory     : Creating shared instance of singleton bean 'org.springframework.boot.autoconfigure.web.servlet.MultipartAutoConfiguration'
2024-03-20T15:30:28.023+09:00 DEBUG 8612 --- [learn-spring-boot] [           main] o.s.b.f.s.DefaultListableBeanFactory     : Creating shared instance of singleton bean 'spring.servlet.multipart-org.springframework.boot.autoconfigure.web.servlet.MultipartProperties'
2024-03-20T15:30:28.027+09:00 DEBUG 8612 --- [learn-spring-boot] [           main] o.s.b.f.s.DefaultListableBeanFactory     : Autowiring by type from bean name 'org.springframework.boot.autoconfigure.web.servlet.MultipartAutoConfiguration' via constructor to bean named 'spring.servlet.multipart-org.springframework.boot.autoconfigure.web.servlet.MultipartProperties'
2024-03-20T15:30:28.032+09:00 DEBUG 8612 --- [learn-spring-boot] [           main] o.s.b.f.s.DefaultListableBeanFactory     : Autowiring by type from bean name 'errorPageCustomizer' via factory method to bean named 'dispatcherServletRegistration'
2024-03-20T15:30:28.032+09:00 DEBUG 8612 --- [learn-spring-boot] [           main] o.s.b.f.s.DefaultListableBeanFactory     : Creating shared instance of singleton bean 'org.springframework.boot.autoconfigure.web.servlet.DispatcherServletAutoConfiguration'
2024-03-20T15:30:28.033+09:00 DEBUG 8612 --- [learn-spring-boot] [           main] o.s.b.f.s.DefaultListableBeanFactory     : Creating shared instance of singleton bean 'org.springframework.boot.autoconfigure.task.TaskExecutorConfigurations$ThreadPoolTaskExecutorBuilderConfiguration'
2024-03-20T15:30:28.033+09:00 DEBUG 8612 --- [learn-spring-boot] [           main] o.s.b.f.s.DefaultListableBeanFactory     : Creating shared instance of singleton bean 'threadPoolTaskExecutorBuilder'
2024-03-20T15:30:28.034+09:00 DEBUG 8612 --- [learn-spring-boot] [           main] o.s.b.f.s.DefaultListableBeanFactory     : Creating shared instance of singleton bean 'spring.task.execution-org.springframework.boot.autoconfigure.task.TaskExecutionProperties'
2024-03-20T15:30:28.035+09:00 DEBUG 8612 --- [learn-spring-boot] [           main] o.s.b.f.s.DefaultListableBeanFactory     : Autowiring by type from bean name 'threadPoolTaskExecutorBuilder' via factory method to bean named 'spring.task.execution-org.springframework.boot.autoconfigure.task.TaskExecutionProperties'
2024-03-20T15:30:28.037+09:00 DEBUG 8612 --- [learn-spring-boot] [           main] o.s.b.f.s.DefaultListableBeanFactory     : Creating shared instance of singleton bean 'org.springframework.boot.autoconfigure.task.TaskExecutorConfigurations$TaskExecutorBuilderConfiguration'
2024-03-20T15:30:28.037+09:00 DEBUG 8612 --- [learn-spring-boot] [           main] o.s.b.f.s.DefaultListableBeanFactory     : Creating shared instance of singleton bean 'taskExecutorBuilder'
2024-03-20T15:30:28.038+09:00 DEBUG 8612 --- [learn-spring-boot] [           main] o.s.b.f.s.DefaultListableBeanFactory     : Autowiring by type from bean name 'taskExecutorBuilder' via factory method to bean named 'spring.task.execution-org.springframework.boot.autoconfigure.task.TaskExecutionProperties'
2024-03-20T15:30:28.039+09:00 DEBUG 8612 --- [learn-spring-boot] [           main] o.s.b.f.s.DefaultListableBeanFactory     : Creating shared instance of singleton bean 'org.springframework.boot.autoconfigure.task.TaskExecutorConfigurations$SimpleAsyncTaskExecutorBuilderConfiguration'
2024-03-20T15:30:28.040+09:00 DEBUG 8612 --- [learn-spring-boot] [           main] o.s.b.f.s.DefaultListableBeanFactory     : Autowiring by type from bean name 'org.springframework.boot.autoconfigure.task.TaskExecutorConfigurations$SimpleAsyncTaskExecutorBuilderConfiguration' via constructor to bean named 'spring.task.execution-org.springframework.boot.autoconfigure.task.TaskExecutionProperties'
2024-03-20T15:30:28.040+09:00 DEBUG 8612 --- [learn-spring-boot] [           main] o.s.b.f.s.DefaultListableBeanFactory     : Creating shared instance of singleton bean 'simpleAsyncTaskExecutorBuilder'
2024-03-20T15:30:28.042+09:00 DEBUG 8612 --- [learn-spring-boot] [           main] o.s.b.f.s.DefaultListableBeanFactory     : Creating shared instance of singleton bean 'org.springframework.boot.autoconfigure.task.TaskExecutorConfigurations$TaskExecutorConfiguration'
2024-03-20T15:30:28.042+09:00 DEBUG 8612 --- [learn-spring-boot] [           main] o.s.b.f.s.DefaultListableBeanFactory     : Creating shared instance of singleton bean 'org.springframework.boot.autoconfigure.task.TaskExecutionAutoConfiguration'
2024-03-20T15:30:28.043+09:00 DEBUG 8612 --- [learn-spring-boot] [           main] o.s.b.f.s.DefaultListableBeanFactory     : Creating shared instance of singleton bean 'org.springframework.boot.autoconfigure.web.servlet.error.ErrorMvcAutoConfiguration$WhitelabelErrorViewConfiguration'
2024-03-20T15:30:28.043+09:00 DEBUG 8612 --- [learn-spring-boot] [           main] o.s.b.f.s.DefaultListableBeanFactory     : Creating shared instance of singleton bean 'error'
2024-03-20T15:30:28.043+09:00 DEBUG 8612 --- [learn-spring-boot] [           main] o.s.b.f.s.DefaultListableBeanFactory     : Creating shared instance of singleton bean 'beanNameViewResolver'
2024-03-20T15:30:28.044+09:00 DEBUG 8612 --- [learn-spring-boot] [           main] o.s.b.f.s.DefaultListableBeanFactory     : Creating shared instance of singleton bean 'org.springframework.boot.autoconfigure.web.servlet.error.ErrorMvcAutoConfiguration$DefaultErrorViewResolverConfiguration'
2024-03-20T15:30:28.045+09:00 DEBUG 8612 --- [learn-spring-boot] [           main] o.s.b.f.s.DefaultListableBeanFactory     : Creating shared instance of singleton bean 'spring.web-org.springframework.boot.autoconfigure.web.WebProperties'
2024-03-20T15:30:28.047+09:00 DEBUG 8612 --- [learn-spring-boot] [           main] o.s.b.f.s.DefaultListableBeanFactory     : Autowiring by type from bean name 'org.springframework.boot.autoconfigure.web.servlet.error.ErrorMvcAutoConfiguration$DefaultErrorViewResolverConfiguration' via constructor to bean named 'org.springframework.web.context.support.GenericWebApplicationContext@27cbfddf'
2024-03-20T15:30:28.047+09:00 DEBUG 8612 --- [learn-spring-boot] [           main] o.s.b.f.s.DefaultListableBeanFactory     : Autowiring by type from bean name 'org.springframework.boot.autoconfigure.web.servlet.error.ErrorMvcAutoConfiguration$DefaultErrorViewResolverConfiguration' via constructor to bean named 'spring.web-org.springframework.boot.autoconfigure.web.WebProperties'
2024-03-20T15:30:28.047+09:00 DEBUG 8612 --- [learn-spring-boot] [           main] o.s.b.f.s.DefaultListableBeanFactory     : Creating shared instance of singleton bean 'conventionErrorViewResolver'
2024-03-20T15:30:28.049+09:00 DEBUG 8612 --- [learn-spring-boot] [           main] o.s.b.f.s.DefaultListableBeanFactory     : Creating shared instance of singleton bean 'errorAttributes'
2024-03-20T15:30:28.050+09:00 DEBUG 8612 --- [learn-spring-boot] [           main] o.s.b.f.s.DefaultListableBeanFactory     : Creating shared instance of singleton bean 'basicErrorController'
2024-03-20T15:30:28.051+09:00 DEBUG 8612 --- [learn-spring-boot] [           main] o.s.b.f.s.DefaultListableBeanFactory     : Autowiring by type from bean name 'basicErrorController' via factory method to bean named 'errorAttributes'
2024-03-20T15:30:28.055+09:00 DEBUG 8612 --- [learn-spring-boot] [           main] o.s.b.f.s.DefaultListableBeanFactory     : Creating shared instance of singleton bean 'org.springframework.boot.autoconfigure.web.servlet.WebMvcAutoConfiguration$EnableWebMvcConfiguration'
2024-03-20T15:30:28.056+09:00 DEBUG 8612 --- [learn-spring-boot] [           main] o.s.b.f.s.DefaultListableBeanFactory     : Autowiring by type from bean name 'org.springframework.boot.autoconfigure.web.servlet.WebMvcAutoConfiguration$EnableWebMvcConfiguration' via constructor to bean named 'spring.mvc-org.springframework.boot.autoconfigure.web.servlet.WebMvcProperties'
2024-03-20T15:30:28.056+09:00 DEBUG 8612 --- [learn-spring-boot] [           main] o.s.b.f.s.DefaultListableBeanFactory     : Autowiring by type from bean name 'org.springframework.boot.autoconfigure.web.servlet.WebMvcAutoConfiguration$EnableWebMvcConfiguration' via constructor to bean named 'spring.web-org.springframework.boot.autoconfigure.web.WebProperties'
2024-03-20T15:30:28.056+09:00 DEBUG 8612 --- [learn-spring-boot] [           main] o.s.b.f.s.DefaultListableBeanFactory     : Autowiring by type from bean name 'org.springframework.boot.autoconfigure.web.servlet.WebMvcAutoConfiguration$EnableWebMvcConfiguration' via constructor to bean named 'org.springframework.beans.factory.support.DefaultListableBeanFactory@383790cf'
2024-03-20T15:30:28.061+09:00 DEBUG 8612 --- [learn-spring-boot] [           main] o.s.b.f.s.DefaultListableBeanFactory     : Creating shared instance of singleton bean 'org.springframework.boot.autoconfigure.web.servlet.WebMvcAutoConfiguration$WebMvcAutoConfigurationAdapter'
2024-03-20T15:30:28.062+09:00 DEBUG 8612 --- [learn-spring-boot] [           main] o.s.b.f.s.DefaultListableBeanFactory     : Autowiring by type from bean name 'org.springframework.boot.autoconfigure.web.servlet.WebMvcAutoConfiguration$WebMvcAutoConfigurationAdapter' via constructor to bean named 'spring.web-org.springframework.boot.autoconfigure.web.WebProperties'
2024-03-20T15:30:28.062+09:00 DEBUG 8612 --- [learn-spring-boot] [           main] o.s.b.f.s.DefaultListableBeanFactory     : Autowiring by type from bean name 'org.springframework.boot.autoconfigure.web.servlet.WebMvcAutoConfiguration$WebMvcAutoConfigurationAdapter' via constructor to bean named 'spring.mvc-org.springframework.boot.autoconfigure.web.servlet.WebMvcProperties'
2024-03-20T15:30:28.062+09:00 DEBUG 8612 --- [learn-spring-boot] [           main] o.s.b.f.s.DefaultListableBeanFactory     : Autowiring by type from bean name 'org.springframework.boot.autoconfigure.web.servlet.WebMvcAutoConfiguration$WebMvcAutoConfigurationAdapter' via constructor to bean named 'org.springframework.beans.factory.support.DefaultListableBeanFactory@383790cf'
2024-03-20T15:30:28.063+09:00 DEBUG 8612 --- [learn-spring-boot] [           main] o.s.b.f.s.DefaultListableBeanFactory     : Creating shared instance of singleton bean 'endpointObjectMapperWebMvcConfigurer'
2024-03-20T15:30:28.064+09:00 DEBUG 8612 --- [learn-spring-boot] [           main] o.s.b.f.s.DefaultListableBeanFactory     : Creating shared instance of singleton bean 'endpointObjectMapper'
2024-03-20T15:30:28.064+09:00 DEBUG 8612 --- [learn-spring-boot] [           main] o.s.b.f.s.DefaultListableBeanFactory     : Creating shared instance of singleton bean 'org.springframework.boot.actuate.autoconfigure.endpoint.jackson.JacksonEndpointAutoConfiguration'
2024-03-20T15:30:28.065+09:00 DEBUG 8612 --- [learn-spring-boot] [           main] o.s.b.f.s.DefaultListableBeanFactory     : Autowiring by type from bean name 'endpointObjectMapperWebMvcConfigurer' via factory method to bean named 'endpointObjectMapper'
2024-03-20T15:30:28.067+09:00 DEBUG 8612 --- [learn-spring-boot] [           main] o.s.b.f.s.DefaultListableBeanFactory     : Creating shared instance of singleton bean 'welcomePageHandlerMapping'
2024-03-20T15:30:28.067+09:00 DEBUG 8612 --- [learn-spring-boot] [           main] o.s.b.f.s.DefaultListableBeanFactory     : Creating shared instance of singleton bean 'mvcConversionService'
2024-03-20T15:30:28.070+09:00 DEBUG 8612 --- [learn-spring-boot] [           main] o.s.b.f.s.DefaultListableBeanFactory     : Creating shared instance of singleton bean 'mvcResourceUrlProvider'
2024-03-20T15:30:28.072+09:00 DEBUG 8612 --- [learn-spring-boot] [           main] o.s.b.f.s.DefaultListableBeanFactory     : Autowiring by type from bean name 'welcomePageHandlerMapping' via factory method to bean named 'org.springframework.web.context.support.GenericWebApplicationContext@27cbfddf'
2024-03-20T15:30:28.072+09:00 DEBUG 8612 --- [learn-spring-boot] [           main] o.s.b.f.s.DefaultListableBeanFactory     : Autowiring by type from bean name 'welcomePageHandlerMapping' via factory method to bean named 'mvcConversionService'
2024-03-20T15:30:28.072+09:00 DEBUG 8612 --- [learn-spring-boot] [           main] o.s.b.f.s.DefaultListableBeanFactory     : Autowiring by type from bean name 'welcomePageHandlerMapping' via factory method to bean named 'mvcResourceUrlProvider'
2024-03-20T15:30:28.084+09:00 DEBUG 8612 --- [learn-spring-boot] [           main] o.s.b.f.s.DefaultListableBeanFactory     : Creating shared instance of singleton bean 'welcomePageNotAcceptableHandlerMapping'
2024-03-20T15:30:28.084+09:00 DEBUG 8612 --- [learn-spring-boot] [           main] o.s.b.f.s.DefaultListableBeanFactory     : Autowiring by type from bean name 'welcomePageNotAcceptableHandlerMapping' via factory method to bean named 'org.springframework.web.context.support.GenericWebApplicationContext@27cbfddf'
2024-03-20T15:30:28.084+09:00 DEBUG 8612 --- [learn-spring-boot] [           main] o.s.b.f.s.DefaultListableBeanFactory     : Autowiring by type from bean name 'welcomePageNotAcceptableHandlerMapping' via factory method to bean named 'mvcConversionService'
2024-03-20T15:30:28.084+09:00 DEBUG 8612 --- [learn-spring-boot] [           main] o.s.b.f.s.DefaultListableBeanFactory     : Autowiring by type from bean name 'welcomePageNotAcceptableHandlerMapping' via factory method to bean named 'mvcResourceUrlProvider'
2024-03-20T15:30:28.087+09:00 DEBUG 8612 --- [learn-spring-boot] [           main] o.s.b.f.s.DefaultListableBeanFactory     : Creating shared instance of singleton bean 'localeResolver'
2024-03-20T15:30:28.088+09:00 DEBUG 8612 --- [learn-spring-boot] [           main] o.s.b.f.s.DefaultListableBeanFactory     : Creating shared instance of singleton bean 'themeResolver'
2024-03-20T15:30:28.089+09:00 DEBUG 8612 --- [learn-spring-boot] [           main] o.s.b.f.s.DefaultListableBeanFactory     : Creating shared instance of singleton bean 'flashMapManager'
2024-03-20T15:30:28.091+09:00 DEBUG 8612 --- [learn-spring-boot] [           main] o.s.b.f.s.DefaultListableBeanFactory     : Creating shared instance of singleton bean 'mvcValidator'
2024-03-20T15:30:28.092+09:00 DEBUG 8612 --- [learn-spring-boot] [           main] o.s.b.f.s.DefaultListableBeanFactory     : Creating shared instance of singleton bean 'mvcContentNegotiationManager'
2024-03-20T15:30:28.094+09:00 DEBUG 8612 --- [learn-spring-boot] [           main] o.s.b.f.s.DefaultListableBeanFactory     : Creating shared instance of singleton bean 'requestMappingHandlerMapping'
2024-03-20T15:30:28.096+09:00 DEBUG 8612 --- [learn-spring-boot] [           main] o.s.b.f.s.DefaultListableBeanFactory     : Autowiring by type from bean name 'requestMappingHandlerMapping' via factory method to bean named 'mvcContentNegotiationManager'
2024-03-20T15:30:28.096+09:00 DEBUG 8612 --- [learn-spring-boot] [           main] o.s.b.f.s.DefaultListableBeanFactory     : Autowiring by type from bean name 'requestMappingHandlerMapping' via factory method to bean named 'mvcConversionService'
2024-03-20T15:30:28.096+09:00 DEBUG 8612 --- [learn-spring-boot] [           main] o.s.b.f.s.DefaultListableBeanFactory     : Autowiring by type from bean name 'requestMappingHandlerMapping' via factory method to bean named 'mvcResourceUrlProvider'
2024-03-20T15:30:28.133+09:00 DEBUG 8612 --- [learn-spring-boot] [           main] s.w.s.m.m.a.RequestMappingHandlerMapping : 4 mappings in 'requestMappingHandlerMapping'
2024-03-20T15:30:28.133+09:00 DEBUG 8612 --- [learn-spring-boot] [           main] o.s.b.f.s.DefaultListableBeanFactory     : Creating shared instance of singleton bean 'mvcPatternParser'
2024-03-20T15:30:28.134+09:00 DEBUG 8612 --- [learn-spring-boot] [           main] o.s.b.f.s.DefaultListableBeanFactory     : Creating shared instance of singleton bean 'mvcUrlPathHelper'
2024-03-20T15:30:28.134+09:00 DEBUG 8612 --- [learn-spring-boot] [           main] o.s.b.f.s.DefaultListableBeanFactory     : Creating shared instance of singleton bean 'mvcPathMatcher'
2024-03-20T15:30:28.135+09:00 DEBUG 8612 --- [learn-spring-boot] [           main] o.s.b.f.s.DefaultListableBeanFactory     : Creating shared instance of singleton bean 'viewControllerHandlerMapping'
2024-03-20T15:30:28.135+09:00 DEBUG 8612 --- [learn-spring-boot] [           main] o.s.b.f.s.DefaultListableBeanFactory     : Autowiring by type from bean name 'viewControllerHandlerMapping' via factory method to bean named 'mvcConversionService'
2024-03-20T15:30:28.135+09:00 DEBUG 8612 --- [learn-spring-boot] [           main] o.s.b.f.s.DefaultListableBeanFactory     : Autowiring by type from bean name 'viewControllerHandlerMapping' via factory method to bean named 'mvcResourceUrlProvider'
2024-03-20T15:30:28.135+09:00 DEBUG 8612 --- [learn-spring-boot] [           main] o.s.b.f.s.DefaultListableBeanFactory     : Creating shared instance of singleton bean 'beanNameHandlerMapping'
2024-03-20T15:30:28.136+09:00 DEBUG 8612 --- [learn-spring-boot] [           main] o.s.b.f.s.DefaultListableBeanFactory     : Autowiring by type from bean name 'beanNameHandlerMapping' via factory method to bean named 'mvcConversionService'
2024-03-20T15:30:28.136+09:00 DEBUG 8612 --- [learn-spring-boot] [           main] o.s.b.f.s.DefaultListableBeanFactory     : Autowiring by type from bean name 'beanNameHandlerMapping' via factory method to bean named 'mvcResourceUrlProvider'
2024-03-20T15:30:28.137+09:00 DEBUG 8612 --- [learn-spring-boot] [           main] o.s.b.f.s.DefaultListableBeanFactory     : Creating shared instance of singleton bean 'routerFunctionMapping'
2024-03-20T15:30:28.138+09:00 DEBUG 8612 --- [learn-spring-boot] [           main] o.s.b.f.s.DefaultListableBeanFactory     : Autowiring by type from bean name 'routerFunctionMapping' via factory method to bean named 'mvcConversionService'
2024-03-20T15:30:28.138+09:00 DEBUG 8612 --- [learn-spring-boot] [           main] o.s.b.f.s.DefaultListableBeanFactory     : Autowiring by type from bean name 'routerFunctionMapping' via factory method to bean named 'mvcResourceUrlProvider'
2024-03-20T15:30:28.139+09:00 DEBUG 8612 --- [learn-spring-boot] [           main] o.s.b.f.s.DefaultListableBeanFactory     : Creating shared instance of singleton bean 'messageConverters'
2024-03-20T15:30:28.139+09:00 DEBUG 8612 --- [learn-spring-boot] [           main] o.s.b.f.s.DefaultListableBeanFactory     : Creating shared instance of singleton bean 'org.springframework.boot.autoconfigure.http.HttpMessageConvertersAutoConfiguration'
2024-03-20T15:30:28.141+09:00 DEBUG 8612 --- [learn-spring-boot] [           main] o.s.b.f.s.DefaultListableBeanFactory     : Creating shared instance of singleton bean 'stringHttpMessageConverter'
2024-03-20T15:30:28.141+09:00 DEBUG 8612 --- [learn-spring-boot] [           main] o.s.b.f.s.DefaultListableBeanFactory     : Creating shared instance of singleton bean 'org.springframework.boot.autoconfigure.http.HttpMessageConvertersAutoConfiguration$StringHttpMessageConverterConfiguration'
2024-03-20T15:30:28.141+09:00 DEBUG 8612 --- [learn-spring-boot] [           main] o.s.b.f.s.DefaultListableBeanFactory     : Autowiring by type from bean name 'stringHttpMessageConverter' via factory method to bean named 'environment'
2024-03-20T15:30:28.144+09:00 DEBUG 8612 --- [learn-spring-boot] [           main] o.s.b.f.s.DefaultListableBeanFactory     : Creating shared instance of singleton bean 'mappingJackson2HttpMessageConverter'
2024-03-20T15:30:28.144+09:00 DEBUG 8612 --- [learn-spring-boot] [           main] o.s.b.f.s.DefaultListableBeanFactory     : Creating shared instance of singleton bean 'org.springframework.boot.autoconfigure.http.JacksonHttpMessageConvertersConfiguration$MappingJackson2HttpMessageConverterConfiguration'
2024-03-20T15:30:28.145+09:00 DEBUG 8612 --- [learn-spring-boot] [           main] o.s.b.f.s.DefaultListableBeanFactory     : Creating shared instance of singleton bean 'jacksonObjectMapper'
2024-03-20T15:30:28.145+09:00 DEBUG 8612 --- [learn-spring-boot] [           main] o.s.b.f.s.DefaultListableBeanFactory     : Creating shared instance of singleton bean 'org.springframework.boot.autoconfigure.jackson.JacksonAutoConfiguration$JacksonObjectMapperConfiguration'
2024-03-20T15:30:28.145+09:00 DEBUG 8612 --- [learn-spring-boot] [           main] o.s.b.f.s.DefaultListableBeanFactory     : Creating shared instance of singleton bean 'org.springframework.boot.autoconfigure.jackson.JacksonAutoConfiguration$JacksonObjectMapperBuilderConfiguration'
2024-03-20T15:30:28.146+09:00 DEBUG 8612 --- [learn-spring-boot] [           main] o.s.b.f.s.DefaultListableBeanFactory     : Creating shared instance of singleton bean 'standardJacksonObjectMapperBuilderCustomizer'
2024-03-20T15:30:28.146+09:00 DEBUG 8612 --- [learn-spring-boot] [           main] o.s.b.f.s.DefaultListableBeanFactory     : Creating shared instance of singleton bean 'org.springframework.boot.autoconfigure.jackson.JacksonAutoConfiguration$Jackson2ObjectMapperBuilderCustomizerConfiguration'
2024-03-20T15:30:28.146+09:00 DEBUG 8612 --- [learn-spring-boot] [           main] o.s.b.f.s.DefaultListableBeanFactory     : Creating shared instance of singleton bean 'spring.jackson-org.springframework.boot.autoconfigure.jackson.JacksonProperties'
2024-03-20T15:30:28.148+09:00 DEBUG 8612 --- [learn-spring-boot] [           main] o.s.b.f.s.DefaultListableBeanFactory     : Autowiring by type from bean name 'standardJacksonObjectMapperBuilderCustomizer' via factory method to bean named 'spring.jackson-org.springframework.boot.autoconfigure.jackson.JacksonProperties'
2024-03-20T15:30:28.149+09:00 DEBUG 8612 --- [learn-spring-boot] [           main] o.s.b.f.s.DefaultListableBeanFactory     : Creating shared instance of singleton bean 'parameterNamesModule'
2024-03-20T15:30:28.149+09:00 DEBUG 8612 --- [learn-spring-boot] [           main] o.s.b.f.s.DefaultListableBeanFactory     : Creating shared instance of singleton bean 'org.springframework.boot.autoconfigure.jackson.JacksonAutoConfiguration$ParameterNamesModuleConfiguration'
2024-03-20T15:30:28.154+09:00 DEBUG 8612 --- [learn-spring-boot] [           main] o.s.b.f.s.DefaultListableBeanFactory     : Creating shared instance of singleton bean 'jsonMixinModule'
2024-03-20T15:30:28.154+09:00 DEBUG 8612 --- [learn-spring-boot] [           main] o.s.b.f.s.DefaultListableBeanFactory     : Creating shared instance of singleton bean 'org.springframework.boot.autoconfigure.jackson.JacksonAutoConfiguration$JacksonMixinConfiguration'
2024-03-20T15:30:28.154+09:00 DEBUG 8612 --- [learn-spring-boot] [           main] o.s.b.f.s.DefaultListableBeanFactory     : Creating shared instance of singleton bean 'jsonMixinModuleEntries'
2024-03-20T15:30:28.154+09:00 DEBUG 8612 --- [learn-spring-boot] [           main] o.s.b.f.s.DefaultListableBeanFactory     : Autowiring by type from bean name 'jsonMixinModuleEntries' via factory method to bean named 'org.springframework.web.context.support.GenericWebApplicationContext@27cbfddf'
2024-03-20T15:30:28.155+09:00 DEBUG 8612 --- [learn-spring-boot] [           main] o.s.b.a.AutoConfigurationPackages        : @EnableAutoConfiguration was declared on a class in the package 'com.in28minules.springboot.learnspringboot'. Automatic @Repository and @Entity scanning is enabled.
2024-03-20T15:30:28.158+09:00 DEBUG 8612 --- [learn-spring-boot] [           main] o.s.b.f.s.DefaultListableBeanFactory     : Autowiring by type from bean name 'jsonMixinModule' via factory method to bean named 'org.springframework.web.context.support.GenericWebApplicationContext@27cbfddf'
2024-03-20T15:30:28.158+09:00 DEBUG 8612 --- [learn-spring-boot] [           main] o.s.b.f.s.DefaultListableBeanFactory     : Autowiring by type from bean name 'jsonMixinModule' via factory method to bean named 'jsonMixinModuleEntries'
2024-03-20T15:30:28.158+09:00 DEBUG 8612 --- [learn-spring-boot] [           main] o.s.b.f.s.DefaultListableBeanFactory     : Creating shared instance of singleton bean 'jsonComponentModule'
2024-03-20T15:30:28.159+09:00 DEBUG 8612 --- [learn-spring-boot] [           main] o.s.b.f.s.DefaultListableBeanFactory     : Creating shared instance of singleton bean 'org.springframework.boot.autoconfigure.jackson.JacksonAutoConfiguration'
2024-03-20T15:30:28.162+09:00 DEBUG 8612 --- [learn-spring-boot] [           main] o.s.b.f.s.DefaultListableBeanFactory     : Autowiring by type from bean name 'jacksonObjectMapperBuilder' via factory method to bean named 'org.springframework.web.context.support.GenericWebApplicationContext@27cbfddf'
2024-03-20T15:30:28.162+09:00 DEBUG 8612 --- [learn-spring-boot] [           main] o.s.b.f.s.DefaultListableBeanFactory     : Autowiring by type from bean name 'jacksonObjectMapperBuilder' via factory method to bean named 'standardJacksonObjectMapperBuilderCustomizer'
2024-03-20T15:30:28.165+09:00 DEBUG 8612 --- [learn-spring-boot] [           main] o.s.b.f.s.DefaultListableBeanFactory     : Autowiring by type from bean name 'jacksonObjectMapper' via factory method to bean named 'jacksonObjectMapperBuilder'
2024-03-20T15:30:28.173+09:00 DEBUG 8612 --- [learn-spring-boot] [           main] o.s.b.f.s.DefaultListableBeanFactory     : Autowiring by type from bean name 'mappingJackson2HttpMessageConverter' via factory method to bean named 'jacksonObjectMapper'
2024-03-20T15:30:28.181+09:00 DEBUG 8612 --- [learn-spring-boot] [           main] o.s.b.f.s.DefaultListableBeanFactory     : Creating shared instance of singleton bean 'resourceHandlerMapping'
2024-03-20T15:30:28.181+09:00 DEBUG 8612 --- [learn-spring-boot] [           main] o.s.b.f.s.DefaultListableBeanFactory     : Autowiring by type from bean name 'resourceHandlerMapping' via factory method to bean named 'mvcContentNegotiationManager'
2024-03-20T15:30:28.181+09:00 DEBUG 8612 --- [learn-spring-boot] [           main] o.s.b.f.s.DefaultListableBeanFactory     : Autowiring by type from bean name 'resourceHandlerMapping' via factory method to bean named 'mvcConversionService'
2024-03-20T15:30:28.182+09:00 DEBUG 8612 --- [learn-spring-boot] [           main] o.s.b.f.s.DefaultListableBeanFactory     : Autowiring by type from bean name 'resourceHandlerMapping' via factory method to bean named 'mvcResourceUrlProvider'
2024-03-20T15:30:28.190+09:00 DEBUG 8612 --- [learn-spring-boot] [           main] o.s.w.s.handler.SimpleUrlHandlerMapping  : Patterns [/webjars/**, /**] in 'resourceHandlerMapping'
2024-03-20T15:30:28.191+09:00 DEBUG 8612 --- [learn-spring-boot] [           main] o.s.b.f.s.DefaultListableBeanFactory     : Creating shared instance of singleton bean 'defaultServletHandlerMapping'
2024-03-20T15:30:28.191+09:00 DEBUG 8612 --- [learn-spring-boot] [           main] o.s.b.f.s.DefaultListableBeanFactory     : Creating shared instance of singleton bean 'requestMappingHandlerAdapter'
2024-03-20T15:30:28.192+09:00 DEBUG 8612 --- [learn-spring-boot] [           main] o.s.b.f.s.DefaultListableBeanFactory     : Autowiring by type from bean name 'requestMappingHandlerAdapter' via factory method to bean named 'mvcContentNegotiationManager'
2024-03-20T15:30:28.192+09:00 DEBUG 8612 --- [learn-spring-boot] [           main] o.s.b.f.s.DefaultListableBeanFactory     : Autowiring by type from bean name 'requestMappingHandlerAdapter' via factory method to bean named 'mvcConversionService'
2024-03-20T15:30:28.192+09:00 DEBUG 8612 --- [learn-spring-boot] [           main] o.s.b.f.s.DefaultListableBeanFactory     : Autowiring by type from bean name 'requestMappingHandlerAdapter' via factory method to bean named 'mvcValidator'
2024-03-20T15:30:28.201+09:00 DEBUG 8612 --- [learn-spring-boot] [           main] o.s.b.f.s.DefaultListableBeanFactory     : Creating shared instance of singleton bean 'applicationTaskExecutor'
2024-03-20T15:30:28.201+09:00 DEBUG 8612 --- [learn-spring-boot] [           main] o.s.b.f.s.DefaultListableBeanFactory     : Autowiring by type from bean name 'applicationTaskExecutor' via factory method to bean named 'taskExecutorBuilder'
2024-03-20T15:30:28.210+09:00 DEBUG 8612 --- [learn-spring-boot] [           main] o.s.s.concurrent.ThreadPoolTaskExecutor  : Initializing ExecutorService 'applicationTaskExecutor'
2024-03-20T15:30:28.216+09:00 DEBUG 8612 --- [learn-spring-boot] [           main] s.w.s.m.m.a.RequestMappingHandlerAdapter : ControllerAdvice beans: 0 @ModelAttribute, 0 @InitBinder, 1 RequestBodyAdvice, 1 ResponseBodyAdvice
2024-03-20T15:30:28.228+09:00 DEBUG 8612 --- [learn-spring-boot] [           main] o.s.b.f.s.DefaultListableBeanFactory     : Creating shared instance of singleton bean 'handlerFunctionAdapter'
2024-03-20T15:30:28.229+09:00 DEBUG 8612 --- [learn-spring-boot] [           main] o.s.b.f.s.DefaultListableBeanFactory     : Creating shared instance of singleton bean 'mvcUriComponentsContributor'
2024-03-20T15:30:28.229+09:00 DEBUG 8612 --- [learn-spring-boot] [           main] o.s.b.f.s.DefaultListableBeanFactory     : Autowiring by type from bean name 'mvcUriComponentsContributor' via factory method to bean named 'mvcConversionService'
2024-03-20T15:30:28.229+09:00 DEBUG 8612 --- [learn-spring-boot] [           main] o.s.b.f.s.DefaultListableBeanFactory     : Autowiring by type from bean name 'mvcUriComponentsContributor' via factory method to bean named 'requestMappingHandlerAdapter'
2024-03-20T15:30:28.231+09:00 DEBUG 8612 --- [learn-spring-boot] [           main] o.s.b.f.s.DefaultListableBeanFactory     : Creating shared instance of singleton bean 'httpRequestHandlerAdapter'
2024-03-20T15:30:28.231+09:00 DEBUG 8612 --- [learn-spring-boot] [           main] o.s.b.f.s.DefaultListableBeanFactory     : Creating shared instance of singleton bean 'simpleControllerHandlerAdapter'
2024-03-20T15:30:28.231+09:00 DEBUG 8612 --- [learn-spring-boot] [           main] o.s.b.f.s.DefaultListableBeanFactory     : Creating shared instance of singleton bean 'handlerExceptionResolver'
2024-03-20T15:30:28.231+09:00 DEBUG 8612 --- [learn-spring-boot] [           main] o.s.b.f.s.DefaultListableBeanFactory     : Autowiring by type from bean name 'handlerExceptionResolver' via factory method to bean named 'mvcContentNegotiationManager'
2024-03-20T15:30:28.233+09:00 DEBUG 8612 --- [learn-spring-boot] [           main] .m.m.a.ExceptionHandlerExceptionResolver : ControllerAdvice beans: 0 @ExceptionHandler, 1 ResponseBodyAdvice
2024-03-20T15:30:28.234+09:00 DEBUG 8612 --- [learn-spring-boot] [           main] o.s.b.f.s.DefaultListableBeanFactory     : Creating shared instance of singleton bean 'mvcViewResolver'
2024-03-20T15:30:28.235+09:00 DEBUG 8612 --- [learn-spring-boot] [           main] o.s.b.f.s.DefaultListableBeanFactory     : Autowiring by type from bean name 'mvcViewResolver' via factory method to bean named 'mvcContentNegotiationManager'
2024-03-20T15:30:28.236+09:00 DEBUG 8612 --- [learn-spring-boot] [           main] o.s.b.f.s.DefaultListableBeanFactory     : Creating shared instance of singleton bean 'viewNameTranslator'
2024-03-20T15:30:28.237+09:00 DEBUG 8612 --- [learn-spring-boot] [           main] o.s.b.f.s.DefaultListableBeanFactory     : Creating shared instance of singleton bean 'defaultViewResolver'
2024-03-20T15:30:28.240+09:00 DEBUG 8612 --- [learn-spring-boot] [           main] o.s.b.f.s.DefaultListableBeanFactory     : Creating shared instance of singleton bean 'viewResolver'
2024-03-20T15:30:28.240+09:00 DEBUG 8612 --- [learn-spring-boot] [           main] o.s.b.f.s.DefaultListableBeanFactory     : Autowiring by type from bean name 'viewResolver' via factory method to bean named 'org.springframework.beans.factory.support.DefaultListableBeanFactory@383790cf'
2024-03-20T15:30:28.241+09:00 DEBUG 8612 --- [learn-spring-boot] [           main] o.s.b.f.s.DefaultListableBeanFactory     : Creating shared instance of singleton bean 'viewResolver'
2024-03-20T15:30:28.241+09:00 DEBUG 8612 --- [learn-spring-boot] [           main] o.s.b.f.s.DefaultListableBeanFactory     : Creating shared instance of singleton bean 'requestContextFilter'
2024-03-20T15:30:28.242+09:00 DEBUG 8612 --- [learn-spring-boot] [           main] o.s.b.f.s.DefaultListableBeanFactory     : Creating shared instance of singleton bean 'org.springframework.boot.autoconfigure.web.servlet.WebMvcAutoConfiguration'
2024-03-20T15:30:28.242+09:00 DEBUG 8612 --- [learn-spring-boot] [           main] o.s.b.f.s.DefaultListableBeanFactory     : Creating shared instance of singleton bean 'formContentFilter'
2024-03-20T15:30:28.243+09:00 DEBUG 8612 --- [learn-spring-boot] [           main] o.s.b.f.s.DefaultListableBeanFactory     : Creating shared instance of singleton bean 'org.springframework.boot.autoconfigure.availability.ApplicationAvailabilityAutoConfiguration'
2024-03-20T15:30:28.243+09:00 DEBUG 8612 --- [learn-spring-boot] [           main] o.s.b.f.s.DefaultListableBeanFactory     : Creating shared instance of singleton bean 'applicationAvailability'
2024-03-20T15:30:28.244+09:00 DEBUG 8612 --- [learn-spring-boot] [           main] o.s.b.f.s.DefaultListableBeanFactory     : Creating shared instance of singleton bean 'org.springframework.boot.actuate.autoconfigure.availability.AvailabilityHealthContributorAutoConfiguration'
2024-03-20T15:30:28.245+09:00 DEBUG 8612 --- [learn-spring-boot] [           main] o.s.b.f.s.DefaultListableBeanFactory     : Creating shared instance of singleton bean 'org.springframework.boot.actuate.autoconfigure.health.HealthEndpointConfiguration'
2024-03-20T15:30:28.245+09:00 DEBUG 8612 --- [learn-spring-boot] [           main] o.s.b.f.s.DefaultListableBeanFactory     : Creating shared instance of singleton bean 'healthStatusAggregator'
2024-03-20T15:30:28.245+09:00 DEBUG 8612 --- [learn-spring-boot] [           main] o.s.b.f.s.DefaultListableBeanFactory     : Creating shared instance of singleton bean 'management.endpoint.health-org.springframework.boot.actuate.autoconfigure.health.HealthEndpointProperties'
2024-03-20T15:30:28.246+09:00 DEBUG 8612 --- [learn-spring-boot] [           main] o.s.b.f.s.DefaultListableBeanFactory     : Autowiring by type from bean name 'healthStatusAggregator' via factory method to bean named 'management.endpoint.health-org.springframework.boot.actuate.autoconfigure.health.HealthEndpointProperties'
2024-03-20T15:30:28.248+09:00 DEBUG 8612 --- [learn-spring-boot] [           main] o.s.b.f.s.DefaultListableBeanFactory     : Creating shared instance of singleton bean 'healthHttpCodeStatusMapper'
2024-03-20T15:30:28.248+09:00 DEBUG 8612 --- [learn-spring-boot] [           main] o.s.b.f.s.DefaultListableBeanFactory     : Autowiring by type from bean name 'healthHttpCodeStatusMapper' via factory method to bean named 'management.endpoint.health-org.springframework.boot.actuate.autoconfigure.health.HealthEndpointProperties'
2024-03-20T15:30:28.249+09:00 DEBUG 8612 --- [learn-spring-boot] [           main] o.s.b.f.s.DefaultListableBeanFactory     : Creating shared instance of singleton bean 'healthEndpointGroups'
2024-03-20T15:30:28.249+09:00 DEBUG 8612 --- [learn-spring-boot] [           main] o.s.b.f.s.DefaultListableBeanFactory     : Autowiring by type from bean name 'healthEndpointGroups' via factory method to bean named 'org.springframework.web.context.support.GenericWebApplicationContext@27cbfddf'
2024-03-20T15:30:28.249+09:00 DEBUG 8612 --- [learn-spring-boot] [           main] o.s.b.f.s.DefaultListableBeanFactory     : Autowiring by type from bean name 'healthEndpointGroups' via factory method to bean named 'management.endpoint.health-org.springframework.boot.actuate.autoconfigure.health.HealthEndpointProperties'
2024-03-20T15:30:28.251+09:00 DEBUG 8612 --- [learn-spring-boot] [           main] o.s.b.f.s.DefaultListableBeanFactory     : Creating shared instance of singleton bean 'healthContributorRegistry'
2024-03-20T15:30:28.252+09:00 DEBUG 8612 --- [learn-spring-boot] [           main] o.s.b.f.s.DefaultListableBeanFactory     : Creating shared instance of singleton bean 'diskSpaceHealthIndicator'
2024-03-20T15:30:28.252+09:00 DEBUG 8612 --- [learn-spring-boot] [           main] o.s.b.f.s.DefaultListableBeanFactory     : Creating shared instance of singleton bean 'org.springframework.boot.actuate.autoconfigure.system.DiskSpaceHealthContributorAutoConfiguration'
2024-03-20T15:30:28.252+09:00 DEBUG 8612 --- [learn-spring-boot] [           main] o.s.b.f.s.DefaultListableBeanFactory     : Creating shared instance of singleton bean 'management.health.diskspace-org.springframework.boot.actuate.autoconfigure.system.DiskSpaceHealthIndicatorProperties'
2024-03-20T15:30:28.252+09:00 DEBUG 8612 --- [learn-spring-boot] [           main] o.s.b.f.s.DefaultListableBeanFactory     : Autowiring by type from bean name 'diskSpaceHealthIndicator' via factory method to bean named 'management.health.diskspace-org.springframework.boot.actuate.autoconfigure.system.DiskSpaceHealthIndicatorProperties'
2024-03-20T15:30:28.253+09:00 DEBUG 8612 --- [learn-spring-boot] [           main] o.s.b.f.s.DefaultListableBeanFactory     : Creating shared instance of singleton bean 'pingHealthContributor'
2024-03-20T15:30:28.253+09:00 DEBUG 8612 --- [learn-spring-boot] [           main] o.s.b.f.s.DefaultListableBeanFactory     : Creating shared instance of singleton bean 'org.springframework.boot.actuate.autoconfigure.health.HealthContributorAutoConfiguration'
2024-03-20T15:30:28.255+09:00 DEBUG 8612 --- [learn-spring-boot] [           main] o.s.b.f.s.DefaultListableBeanFactory     : Autowiring by type from bean name 'healthContributorRegistry' via factory method to bean named 'org.springframework.web.context.support.GenericWebApplicationContext@27cbfddf'
2024-03-20T15:30:28.255+09:00 DEBUG 8612 --- [learn-spring-boot] [           main] o.s.b.f.s.DefaultListableBeanFactory     : Autowiring by type from bean name 'healthContributorRegistry' via factory method to bean named 'healthEndpointGroups'
2024-03-20T15:30:28.255+09:00 DEBUG 8612 --- [learn-spring-boot] [           main] o.s.b.f.s.DefaultListableBeanFactory     : Autowiring by type from bean name 'healthContributorRegistry' via factory method to bean named 'diskSpaceHealthIndicator'
2024-03-20T15:30:28.255+09:00 DEBUG 8612 --- [learn-spring-boot] [           main] o.s.b.f.s.DefaultListableBeanFactory     : Autowiring by type from bean name 'healthContributorRegistry' via factory method to bean named 'pingHealthContributor'
2024-03-20T15:30:28.256+09:00 DEBUG 8612 --- [learn-spring-boot] [           main] o.s.b.f.s.DefaultListableBeanFactory     : Creating shared instance of singleton bean 'healthEndpointGroupMembershipValidator'
2024-03-20T15:30:28.256+09:00 DEBUG 8612 --- [learn-spring-boot] [           main] o.s.b.f.s.DefaultListableBeanFactory     : Autowiring by type from bean name 'healthEndpointGroupMembershipValidator' via factory method to bean named 'management.endpoint.health-org.springframework.boot.actuate.autoconfigure.health.HealthEndpointProperties'
2024-03-20T15:30:28.256+09:00 DEBUG 8612 --- [learn-spring-boot] [           main] o.s.b.f.s.DefaultListableBeanFactory     : Autowiring by type from bean name 'healthEndpointGroupMembershipValidator' via factory method to bean named 'healthContributorRegistry'
2024-03-20T15:30:28.256+09:00 DEBUG 8612 --- [learn-spring-boot] [           main] o.s.b.f.s.DefaultListableBeanFactory     : Creating shared instance of singleton bean 'healthEndpoint'
2024-03-20T15:30:28.256+09:00 DEBUG 8612 --- [learn-spring-boot] [           main] o.s.b.f.s.DefaultListableBeanFactory     : Autowiring by type from bean name 'healthEndpoint' via factory method to bean named 'healthContributorRegistry'
2024-03-20T15:30:28.256+09:00 DEBUG 8612 --- [learn-spring-boot] [           main] o.s.b.f.s.DefaultListableBeanFactory     : Autowiring by type from bean name 'healthEndpoint' via factory method to bean named 'healthEndpointGroups'
2024-03-20T15:30:28.256+09:00 DEBUG 8612 --- [learn-spring-boot] [           main] o.s.b.f.s.DefaultListableBeanFactory     : Autowiring by type from bean name 'healthEndpoint' via factory method to bean named 'management.endpoint.health-org.springframework.boot.actuate.autoconfigure.health.HealthEndpointProperties'
2024-03-20T15:30:28.259+09:00 DEBUG 8612 --- [learn-spring-boot] [           main] o.s.b.f.s.DefaultListableBeanFactory     : Creating shared instance of singleton bean 'org.springframework.boot.actuate.autoconfigure.health.HealthEndpointWebExtensionConfiguration$MvcAdditionalHealthEndpointPathsConfiguration'
2024-03-20T15:30:28.260+09:00 DEBUG 8612 --- [learn-spring-boot] [           main] o.s.b.f.s.DefaultListableBeanFactory     : Creating shared instance of singleton bean 'healthEndpointWebMvcHandlerMapping'
2024-03-20T15:30:28.260+09:00 DEBUG 8612 --- [learn-spring-boot] [           main] o.s.b.f.s.DefaultListableBeanFactory     : Creating shared instance of singleton bean 'webEndpointDiscoverer'
2024-03-20T15:30:28.260+09:00 DEBUG 8612 --- [learn-spring-boot] [           main] o.s.b.f.s.DefaultListableBeanFactory     : Creating shared instance of singleton bean 'org.springframework.boot.actuate.autoconfigure.endpoint.web.WebEndpointAutoConfiguration'
2024-03-20T15:30:28.260+09:00 DEBUG 8612 --- [learn-spring-boot] [           main] o.s.b.f.s.DefaultListableBeanFactory     : Creating shared instance of singleton bean 'management.endpoints.web-org.springframework.boot.actuate.autoconfigure.endpoint.web.WebEndpointProperties'
2024-03-20T15:30:28.261+09:00 DEBUG 8612 --- [learn-spring-boot] [           main] o.s.b.f.s.DefaultListableBeanFactory     : Autowiring by type from bean name 'org.springframework.boot.actuate.autoconfigure.endpoint.web.WebEndpointAutoConfiguration' via constructor to bean named 'org.springframework.web.context.support.GenericWebApplicationContext@27cbfddf'
2024-03-20T15:30:28.261+09:00 DEBUG 8612 --- [learn-spring-boot] [           main] o.s.b.f.s.DefaultListableBeanFactory     : Autowiring by type from bean name 'org.springframework.boot.actuate.autoconfigure.endpoint.web.WebEndpointAutoConfiguration' via constructor to bean named 'management.endpoints.web-org.springframework.boot.actuate.autoconfigure.endpoint.web.WebEndpointProperties'
2024-03-20T15:30:28.261+09:00 DEBUG 8612 --- [learn-spring-boot] [           main] o.s.b.f.s.DefaultListableBeanFactory     : Creating shared instance of singleton bean 'endpointOperationParameterMapper'
2024-03-20T15:30:28.261+09:00 DEBUG 8612 --- [learn-spring-boot] [           main] o.s.b.f.s.DefaultListableBeanFactory     : Creating shared instance of singleton bean 'org.springframework.boot.actuate.autoconfigure.endpoint.EndpointAutoConfiguration'
2024-03-20T15:30:28.263+09:00 DEBUG 8612 --- [learn-spring-boot] [           main] o.s.b.f.s.DefaultListableBeanFactory     : Creating shared instance of singleton bean 'endpointMediaTypes'
2024-03-20T15:30:28.264+09:00 DEBUG 8612 --- [learn-spring-boot] [           main] o.s.b.f.s.DefaultListableBeanFactory     : Autowiring by type from bean name 'webEndpointDiscoverer' via factory method to bean named 'endpointOperationParameterMapper'
2024-03-20T15:30:28.264+09:00 DEBUG 8612 --- [learn-spring-boot] [           main] o.s.b.f.s.DefaultListableBeanFactory     : Autowiring by type from bean name 'webEndpointDiscoverer' via factory method to bean named 'endpointMediaTypes'
2024-03-20T15:30:28.265+09:00 DEBUG 8612 --- [learn-spring-boot] [           main] o.s.b.f.s.DefaultListableBeanFactory     : Creating shared instance of singleton bean 'webEndpointPathMapper'
2024-03-20T15:30:28.265+09:00 DEBUG 8612 --- [learn-spring-boot] [           main] o.s.b.f.s.DefaultListableBeanFactory     : Creating shared instance of singleton bean 'endpointCachingOperationInvokerAdvisor'
2024-03-20T15:30:28.265+09:00 DEBUG 8612 --- [learn-spring-boot] [           main] o.s.b.f.s.DefaultListableBeanFactory     : Autowiring by type from bean name 'endpointCachingOperationInvokerAdvisor' via factory method to bean named 'environment'
2024-03-20T15:30:28.266+09:00 DEBUG 8612 --- [learn-spring-boot] [           main] o.s.b.f.s.DefaultListableBeanFactory     : Creating shared instance of singleton bean 'webExposeExcludePropertyEndpointFilter'
2024-03-20T15:30:28.269+09:00 DEBUG 8612 --- [learn-spring-boot] [           main] o.s.b.f.s.DefaultListableBeanFactory     : Autowiring by type from bean name 'healthEndpointWebMvcHandlerMapping' via factory method to bean named 'webEndpointDiscoverer'
2024-03-20T15:30:28.269+09:00 DEBUG 8612 --- [learn-spring-boot] [           main] o.s.b.f.s.DefaultListableBeanFactory     : Autowiring by type from bean name 'healthEndpointWebMvcHandlerMapping' via factory method to bean named 'healthEndpointGroups'
2024-03-20T15:30:28.280+09:00 DEBUG 8612 --- [learn-spring-boot] [           main] o.s.b.f.s.DefaultListableBeanFactory     : Creating shared instance of singleton bean 'healthEndpointWebExtension'
2024-03-20T15:30:28.280+09:00 DEBUG 8612 --- [learn-spring-boot] [           main] o.s.b.f.s.DefaultListableBeanFactory     : Creating shared instance of singleton bean 'org.springframework.boot.actuate.autoconfigure.health.HealthEndpointWebExtensionConfiguration'
2024-03-20T15:30:28.280+09:00 DEBUG 8612 --- [learn-spring-boot] [           main] o.s.b.f.s.DefaultListableBeanFactory     : Autowiring by type from bean name 'healthEndpointWebExtension' via factory method to bean named 'healthContributorRegistry'
2024-03-20T15:30:28.280+09:00 DEBUG 8612 --- [learn-spring-boot] [           main] o.s.b.f.s.DefaultListableBeanFactory     : Autowiring by type from bean name 'healthEndpointWebExtension' via factory method to bean named 'healthEndpointGroups'
2024-03-20T15:30:28.281+09:00 DEBUG 8612 --- [learn-spring-boot] [           main] o.s.b.f.s.DefaultListableBeanFactory     : Autowiring by type from bean name 'healthEndpointWebExtension' via factory method to bean named 'management.endpoint.health-org.springframework.boot.actuate.autoconfigure.health.HealthEndpointProperties'
2024-03-20T15:30:28.285+09:00 DEBUG 8612 --- [learn-spring-boot] [           main] o.s.b.f.s.DefaultListableBeanFactory     : Creating shared instance of singleton bean 'org.springframework.boot.actuate.autoconfigure.health.HealthEndpointAutoConfiguration'
2024-03-20T15:30:28.286+09:00 DEBUG 8612 --- [learn-spring-boot] [           main] o.s.b.f.s.DefaultListableBeanFactory     : Creating shared instance of singleton bean 'org.springframework.boot.autoconfigure.info.ProjectInfoAutoConfiguration'
2024-03-20T15:30:28.286+09:00 DEBUG 8612 --- [learn-spring-boot] [           main] o.s.b.f.s.DefaultListableBeanFactory     : Creating shared instance of singleton bean 'spring.info-org.springframework.boot.autoconfigure.info.ProjectInfoProperties'
2024-03-20T15:30:28.288+09:00 DEBUG 8612 --- [learn-spring-boot] [           main] o.s.b.f.s.DefaultListableBeanFactory     : Autowiring by type from bean name 'org.springframework.boot.autoconfigure.info.ProjectInfoAutoConfiguration' via constructor to bean named 'spring.info-org.springframework.boot.autoconfigure.info.ProjectInfoProperties'
2024-03-20T15:30:28.288+09:00 DEBUG 8612 --- [learn-spring-boot] [           main] o.s.b.f.s.DefaultListableBeanFactory     : Creating shared instance of singleton bean 'org.springframework.boot.actuate.autoconfigure.info.InfoContributorAutoConfiguration'
2024-03-20T15:30:28.290+09:00 DEBUG 8612 --- [learn-spring-boot] [           main] o.s.b.f.s.DefaultListableBeanFactory     : Creating shared instance of singleton bean 'management.info-org.springframework.boot.actuate.autoconfigure.info.InfoContributorProperties'
2024-03-20T15:30:28.290+09:00 DEBUG 8612 --- [learn-spring-boot] [           main] o.s.b.f.s.DefaultListableBeanFactory     : Creating shared instance of singleton bean 'org.springframework.boot.actuate.autoconfigure.web.servlet.ServletManagementContextAutoConfiguration'
2024-03-20T15:30:28.290+09:00 DEBUG 8612 --- [learn-spring-boot] [           main] o.s.b.f.s.DefaultListableBeanFactory     : Creating shared instance of singleton bean 'servletWebChildContextFactory'
2024-03-20T15:30:28.291+09:00 DEBUG 8612 --- [learn-spring-boot] [           main] o.s.b.f.s.DefaultListableBeanFactory     : Creating shared instance of singleton bean 'managementServletContext'
2024-03-20T15:30:28.291+09:00 DEBUG 8612 --- [learn-spring-boot] [           main] o.s.b.f.s.DefaultListableBeanFactory     : Autowiring by type from bean name 'managementServletContext' via factory method to bean named 'management.endpoints.web-org.springframework.boot.actuate.autoconfigure.endpoint.web.WebEndpointProperties'
2024-03-20T15:30:28.291+09:00 DEBUG 8612 --- [learn-spring-boot] [           main] o.s.b.f.s.DefaultListableBeanFactory     : Creating shared instance of singleton bean 'org.springframework.boot.actuate.autoconfigure.endpoint.web.WebEndpointAutoConfiguration$WebEndpointServletConfiguration'
2024-03-20T15:30:28.291+09:00 DEBUG 8612 --- [learn-spring-boot] [           main] o.s.b.f.s.DefaultListableBeanFactory     : Creating shared instance of singleton bean 'servletEndpointDiscoverer'
2024-03-20T15:30:28.292+09:00 DEBUG 8612 --- [learn-spring-boot] [           main] o.s.b.f.s.DefaultListableBeanFactory     : Autowiring by type from bean name 'servletEndpointDiscoverer' via factory method to bean named 'org.springframework.web.context.support.GenericWebApplicationContext@27cbfddf'
2024-03-20T15:30:28.292+09:00 DEBUG 8612 --- [learn-spring-boot] [           main] o.s.b.f.s.DefaultListableBeanFactory     : Creating shared instance of singleton bean 'servletExposeExcludePropertyEndpointFilter'
2024-03-20T15:30:28.292+09:00 DEBUG 8612 --- [learn-spring-boot] [           main] o.s.b.f.s.DefaultListableBeanFactory     : Creating shared instance of singleton bean 'org.springframework.boot.actuate.autoconfigure.endpoint.web.ServletEndpointManagementContextConfiguration'
2024-03-20T15:30:28.292+09:00 DEBUG 8612 --- [learn-spring-boot] [           main] o.s.b.f.s.DefaultListableBeanFactory     : Autowiring by type from bean name 'servletExposeExcludePropertyEndpointFilter' via factory method to bean named 'management.endpoints.web-org.springframework.boot.actuate.autoconfigure.endpoint.web.WebEndpointProperties'
2024-03-20T15:30:28.293+09:00 DEBUG 8612 --- [learn-spring-boot] [           main] o.s.b.f.s.DefaultListableBeanFactory     : Creating shared instance of singleton bean 'controllerEndpointDiscoverer'
2024-03-20T15:30:28.293+09:00 DEBUG 8612 --- [learn-spring-boot] [           main] o.s.b.f.s.DefaultListableBeanFactory     : Creating shared instance of singleton bean 'controllerExposeExcludePropertyEndpointFilter'
2024-03-20T15:30:28.294+09:00 DEBUG 8612 --- [learn-spring-boot] [           main] o.s.b.f.s.DefaultListableBeanFactory     : Creating shared instance of singleton bean 'pathMappedEndpoints'
2024-03-20T15:30:28.294+09:00 DEBUG 8612 --- [learn-spring-boot] [           main] o.s.b.f.s.DefaultListableBeanFactory     : Autowiring by type from bean name 'pathMappedEndpoints' via factory method to bean named 'servletEndpointDiscoverer'
2024-03-20T15:30:28.294+09:00 DEBUG 8612 --- [learn-spring-boot] [           main] o.s.b.f.s.DefaultListableBeanFactory     : Autowiring by type from bean name 'pathMappedEndpoints' via factory method to bean named 'webEndpointDiscoverer'
2024-03-20T15:30:28.294+09:00 DEBUG 8612 --- [learn-spring-boot] [           main] o.s.b.f.s.DefaultListableBeanFactory     : Autowiring by type from bean name 'pathMappedEndpoints' via factory method to bean named 'controllerEndpointDiscoverer'
2024-03-20T15:30:28.298+09:00 DEBUG 8612 --- [learn-spring-boot] [           main] o.s.b.f.s.DefaultListableBeanFactory     : Creating shared instance of singleton bean 'org.springframework.boot.actuate.autoconfigure.metrics.MetricsAutoConfiguration'
2024-03-20T15:30:28.298+09:00 DEBUG 8612 --- [learn-spring-boot] [           main] o.s.b.f.s.DefaultListableBeanFactory     : Creating shared instance of singleton bean 'micrometerClock'
2024-03-20T15:30:28.298+09:00 DEBUG 8612 --- [learn-spring-boot] [           main] o.s.b.f.s.DefaultListableBeanFactory     : Creating shared instance of singleton bean 'propertiesMeterFilter'
2024-03-20T15:30:28.298+09:00 DEBUG 8612 --- [learn-spring-boot] [           main] o.s.b.f.s.DefaultListableBeanFactory     : Creating shared instance of singleton bean 'management.metrics-org.springframework.boot.actuate.autoconfigure.metrics.MetricsProperties'
2024-03-20T15:30:28.300+09:00 DEBUG 8612 --- [learn-spring-boot] [           main] o.s.b.f.s.DefaultListableBeanFactory     : Autowiring by type from bean name 'propertiesMeterFilter' via factory method to bean named 'management.metrics-org.springframework.boot.actuate.autoconfigure.metrics.MetricsProperties'
2024-03-20T15:30:28.302+09:00 DEBUG 8612 --- [learn-spring-boot] [           main] o.s.b.f.s.DefaultListableBeanFactory     : Creating shared instance of singleton bean 'meterRegistryCloser'
2024-03-20T15:30:28.302+09:00 DEBUG 8612 --- [learn-spring-boot] [           main] o.s.b.f.s.DefaultListableBeanFactory     : Creating shared instance of singleton bean 'simpleMeterRegistry'
2024-03-20T15:30:28.302+09:00 DEBUG 8612 --- [learn-spring-boot] [           main] o.s.b.f.s.DefaultListableBeanFactory     : Creating shared instance of singleton bean 'org.springframework.boot.actuate.autoconfigure.metrics.export.simple.SimpleMetricsExportAutoConfiguration'
2024-03-20T15:30:28.302+09:00 DEBUG 8612 --- [learn-spring-boot] [           main] o.s.b.f.s.DefaultListableBeanFactory     : Creating shared instance of singleton bean 'simpleConfig'
2024-03-20T15:30:28.303+09:00 DEBUG 8612 --- [learn-spring-boot] [           main] o.s.b.f.s.DefaultListableBeanFactory     : Creating shared instance of singleton bean 'management.simple.metrics.export-org.springframework.boot.actuate.autoconfigure.metrics.export.simple.SimpleProperties'
2024-03-20T15:30:28.303+09:00 DEBUG 8612 --- [learn-spring-boot] [           main] o.s.b.f.s.DefaultListableBeanFactory     : Autowiring by type from bean name 'simpleConfig' via factory method to bean named 'management.simple.metrics.export-org.springframework.boot.actuate.autoconfigure.metrics.export.simple.SimpleProperties'
2024-03-20T15:30:28.304+09:00 DEBUG 8612 --- [learn-spring-boot] [           main] o.s.b.f.s.DefaultListableBeanFactory     : Autowiring by type from bean name 'simpleMeterRegistry' via factory method to bean named 'simpleConfig'
2024-03-20T15:30:28.305+09:00 DEBUG 8612 --- [learn-spring-boot] [           main] o.s.b.f.s.DefaultListableBeanFactory     : Autowiring by type from bean name 'simpleMeterRegistry' via factory method to bean named 'micrometerClock'
2024-03-20T15:30:28.312+09:00 DEBUG 8612 --- [learn-spring-boot] [           main] o.s.b.f.s.DefaultListableBeanFactory     : Creating shared instance of singleton bean 'metricsHttpClientUriTagFilter'
2024-03-20T15:30:28.312+09:00 DEBUG 8612 --- [learn-spring-boot] [           main] o.s.b.f.s.DefaultListableBeanFactory     : Creating shared instance of singleton bean 'org.springframework.boot.actuate.autoconfigure.observation.web.client.HttpClientObservationsAutoConfiguration$MeterFilterConfiguration'
2024-03-20T15:30:28.313+09:00 DEBUG 8612 --- [learn-spring-boot] [           main] o.s.b.f.s.DefaultListableBeanFactory     : Creating shared instance of singleton bean 'management.observations-org.springframework.boot.actuate.autoconfigure.observation.ObservationProperties'
2024-03-20T15:30:28.314+09:00 DEBUG 8612 --- [learn-spring-boot] [           main] o.s.b.f.s.DefaultListableBeanFactory     : Autowiring by type from bean name 'metricsHttpClientUriTagFilter' via factory method to bean named 'management.observations-org.springframework.boot.actuate.autoconfigure.observation.ObservationProperties'
2024-03-20T15:30:28.314+09:00 DEBUG 8612 --- [learn-spring-boot] [           main] o.s.b.f.s.DefaultListableBeanFactory     : Autowiring by type from bean name 'metricsHttpClientUriTagFilter' via factory method to bean named 'management.metrics-org.springframework.boot.actuate.autoconfigure.metrics.MetricsProperties'
2024-03-20T15:30:28.314+09:00 DEBUG 8612 --- [learn-spring-boot] [           main] o.s.b.f.s.DefaultListableBeanFactory     : Creating shared instance of singleton bean 'metricsHttpServerUriTagFilter'
2024-03-20T15:30:28.315+09:00 DEBUG 8612 --- [learn-spring-boot] [           main] o.s.b.f.s.DefaultListableBeanFactory     : Creating shared instance of singleton bean 'org.springframework.boot.actuate.autoconfigure.observation.web.servlet.WebMvcObservationAutoConfiguration$MeterFilterConfiguration'
2024-03-20T15:30:28.315+09:00 DEBUG 8612 --- [learn-spring-boot] [           main] o.s.b.f.s.DefaultListableBeanFactory     : Autowiring by type from bean name 'metricsHttpServerUriTagFilter' via factory method to bean named 'management.observations-org.springframework.boot.actuate.autoconfigure.observation.ObservationProperties'
2024-03-20T15:30:28.315+09:00 DEBUG 8612 --- [learn-spring-boot] [           main] o.s.b.f.s.DefaultListableBeanFactory     : Autowiring by type from bean name 'metricsHttpServerUriTagFilter' via factory method to bean named 'management.metrics-org.springframework.boot.actuate.autoconfigure.metrics.MetricsProperties'
2024-03-20T15:30:28.316+09:00 DEBUG 8612 --- [learn-spring-boot] [           main] o.s.b.f.s.DefaultListableBeanFactory     : Creating shared instance of singleton bean 'org.springframework.boot.actuate.autoconfigure.metrics.CompositeMeterRegistryAutoConfiguration'
2024-03-20T15:30:28.317+09:00 DEBUG 8612 --- [learn-spring-boot] [           main] o.s.b.f.s.DefaultListableBeanFactory     : Creating shared instance of singleton bean 'org.springframework.boot.actuate.autoconfigure.metrics.JvmMetricsAutoConfiguration'
2024-03-20T15:30:28.317+09:00 DEBUG 8612 --- [learn-spring-boot] [           main] o.s.b.f.s.DefaultListableBeanFactory     : Creating shared instance of singleton bean 'jvmGcMetrics'
2024-03-20T15:30:28.321+09:00 DEBUG 8612 --- [learn-spring-boot] [           main] o.s.b.f.s.DefaultListableBeanFactory     : Creating shared instance of singleton bean 'jvmHeapPressureMetrics'
2024-03-20T15:30:28.323+09:00 DEBUG 8612 --- [learn-spring-boot] [           main] o.s.b.f.s.DefaultListableBeanFactory     : Creating shared instance of singleton bean 'jvmMemoryMetrics'
2024-03-20T15:30:28.323+09:00 DEBUG 8612 --- [learn-spring-boot] [           main] o.s.b.f.s.DefaultListableBeanFactory     : Creating shared instance of singleton bean 'jvmThreadMetrics'
2024-03-20T15:30:28.324+09:00 DEBUG 8612 --- [learn-spring-boot] [           main] o.s.b.f.s.DefaultListableBeanFactory     : Creating shared instance of singleton bean 'classLoaderMetrics'
2024-03-20T15:30:28.324+09:00 DEBUG 8612 --- [learn-spring-boot] [           main] o.s.b.f.s.DefaultListableBeanFactory     : Creating shared instance of singleton bean 'jvmInfoMetrics'
2024-03-20T15:30:28.324+09:00 DEBUG 8612 --- [learn-spring-boot] [           main] o.s.b.f.s.DefaultListableBeanFactory     : Creating shared instance of singleton bean 'jvmCompilationMetrics'
2024-03-20T15:30:28.324+09:00 DEBUG 8612 --- [learn-spring-boot] [           main] o.s.b.f.s.DefaultListableBeanFactory     : Creating shared instance of singleton bean 'org.springframework.boot.actuate.autoconfigure.metrics.LogbackMetricsAutoConfiguration'
2024-03-20T15:30:28.324+09:00 DEBUG 8612 --- [learn-spring-boot] [           main] o.s.b.f.s.DefaultListableBeanFactory     : Creating shared instance of singleton bean 'logbackMetrics'
2024-03-20T15:30:28.324+09:00 DEBUG 8612 --- [learn-spring-boot] [           main] o.s.b.f.s.DefaultListableBeanFactory     : Creating shared instance of singleton bean 'org.springframework.boot.actuate.autoconfigure.metrics.SystemMetricsAutoConfiguration'
2024-03-20T15:30:28.324+09:00 DEBUG 8612 --- [learn-spring-boot] [           main] o.s.b.f.s.DefaultListableBeanFactory     : Creating shared instance of singleton bean 'uptimeMetrics'
2024-03-20T15:30:28.324+09:00 DEBUG 8612 --- [learn-spring-boot] [           main] o.s.b.f.s.DefaultListableBeanFactory     : Creating shared instance of singleton bean 'processorMetrics'
2024-03-20T15:30:28.326+09:00 DEBUG 8612 --- [learn-spring-boot] [           main] o.s.b.f.s.DefaultListableBeanFactory     : Creating shared instance of singleton bean 'fileDescriptorMetrics'
2024-03-20T15:30:28.326+09:00 DEBUG 8612 --- [learn-spring-boot] [           main] o.s.b.f.s.DefaultListableBeanFactory     : Creating shared instance of singleton bean 'diskSpaceMetrics'
[...]

   RemoteDevToolsAutoConfiguration:
      Did not match:
         - @ConditionalOnProperty (spring.devtools.remote.secret) did not find property 'secret' (OnPropertyCondition)
      Matched:
         - @ConditionalOnClass found required classes 'jakarta.servlet.Filter', 'org.springframework.http.server.ServerHttpRequest' (OnClassCondition)

   RepositoryMetricsAutoConfiguration:
      Did not match:
         - @ConditionalOnClass did not find required class 'org.springframework.data.repository.Repository' (OnClassCondition)

   RepositoryRestMvcAutoConfiguration:
      Did not match:
         - @ConditionalOnClass did not find required class 'org.springframework.data.rest.webmvc.config.RepositoryRestMvcConfiguration' (OnClassCondition)

   Saml2RelyingPartyAutoConfiguration:
      Did not match:
         - @ConditionalOnClass did not find required class 'org.springframework.security.saml2.provider.service.registration.RelyingPartyRegistrationRepository' (OnClassCondition)

   ScheduledTasksEndpointAutoConfiguration:
      Did not match:
         - @ConditionalOnAvailableEndpoint no 'management.endpoints' property marked it as exposed (OnAvailableEndpointCondition)

   SecurityAutoConfiguration:
      Did not match:
         - @ConditionalOnClass did not find required class 'org.springframework.security.authentication.DefaultAuthenticationEventPublisher' (OnClassCondition)

   SecurityFilterAutoConfiguration:
      Did not match:
         - @ConditionalOnClass did not find required class 'org.springframework.security.config.http.SessionCreationPolicy' (OnClassCondition)

   SecurityRequestMatchersManagementContextConfiguration:
      Did not match:
         - @ConditionalOnClass did not find required class 'org.springframework.security.web.util.matcher.RequestMatcher' (OnClassCondition)

   SendGridAutoConfiguration:
      Did not match:
         - @ConditionalOnClass did not find required class 'com.sendgrid.SendGrid' (OnClassCondition)

   ServletEndpointManagementContextConfiguration.JerseyServletEndpointManagementContextConfiguration:
      Did not match:
         - @ConditionalOnClass did not find required class 'org.glassfish.jersey.server.ResourceConfig' (OnClassCondition)

   ServletManagementContextAutoConfiguration.ApplicationContextFilterConfiguration:
      Did not match:
         - @ConditionalOnProperty (management.server.add-application-context-header=true) did not find property 'add-application-context-header' (OnPropertyCondition)

   ServletWebServerFactoryAutoConfiguration.ForwardedHeaderFilterConfiguration:
      Did not match:
         - @ConditionalOnProperty (server.forward-headers-strategy=framework) did not find property 'server.forward-headers-strategy' (OnPropertyCondition)

   ServletWebServerFactoryConfiguration.EmbeddedJetty:
      Did not match:
         - @ConditionalOnClass did not find required classes 'org.eclipse.jetty.server.Server', 'org.eclipse.jetty.util.Loader', 'org.eclipse.jetty.ee10.webapp.WebAppContext' (OnClassCondition)

   ServletWebServerFactoryConfiguration.EmbeddedUndertow:
      Did not match:
         - @ConditionalOnClass did not find required classes 'io.undertow.Undertow', 'org.xnio.SslClientAuthMode' (OnClassCondition)

   SessionAutoConfiguration:
      Did not match:
         - @ConditionalOnClass did not find required class 'org.springframework.session.Session' (OnClassCondition)

   SessionsEndpointAutoConfiguration:
      Did not match:
         - @ConditionalOnClass did not find required class 'org.springframework.session.FindByIndexNameSessionRepository' (OnClassCondition)

   ShutdownEndpointAutoConfiguration:
      Did not match:
         - @ConditionalOnAvailableEndpoint no property management.endpoint.shutdown.enabled found so using endpoint default of false (OnAvailableEndpointCondition)

   SignalFxMetricsExportAutoConfiguration:
      Did not match:
         - @ConditionalOnClass did not find required class 'io.micrometer.signalfx.SignalFxMeterRegistry' (OnClassCondition)

   SpringApplicationAdminJmxAutoConfiguration:
      Did not match:
         - @ConditionalOnProperty (spring.application.admin.enabled=true) did not find property 'enabled' (OnPropertyCondition)

   SpringDataWebAutoConfiguration:
      Did not match:
         - @ConditionalOnClass did not find required class 'org.springframework.data.web.PageableHandlerMethodArgumentResolver' (OnClassCondition)

   StackdriverMetricsExportAutoConfiguration:
      Did not match:
         - @ConditionalOnClass did not find required class 'io.micrometer.stackdriver.StackdriverMeterRegistry' (OnClassCondition)

   StartupEndpointAutoConfiguration:
      Did not match:
         - ApplicationStartup configured applicationStartup is of type class org.springframework.core.metrics.DefaultApplicationStartup, expected BufferingApplicationStartup. (StartupEndpointAutoConfiguration.ApplicationStartupCondition)

   StatsdMetricsExportAutoConfiguration:
      Did not match:
         - @ConditionalOnClass did not find required class 'io.micrometer.statsd.StatsdMeterRegistry' (OnClassCondition)

   TaskExecutorConfigurations.SimpleAsyncTaskExecutorBuilderConfiguration#simpleAsyncTaskExecutorBuilderVirtualThreads:
      Did not match:
         - @ConditionalOnMissingBean (types: org.springframework.boot.task.SimpleAsyncTaskExecutorBuilder; SearchStrategy: all) found beans of type 'org.springframework.boot.task.SimpleAsyncTaskExecutorBuilder' simpleAsyncTaskExecutorBuilder (OnBeanCondition)

   TaskExecutorConfigurations.TaskExecutorConfiguration#applicationTaskExecutorVirtualThreads:
      Did not match:
         - @ConditionalOnThreading did not find VIRTUAL (OnThreadingCondition)

   TaskSchedulingAutoConfiguration#scheduledBeanLazyInitializationExcludeFilter:
      Did not match:
         - @ConditionalOnBean (names: org.springframework.context.annotation.internalScheduledAnnotationProcessor; SearchStrategy: all) did not find any beans named org.springframework.context.annotation.internalScheduledAnnotationProcessor (OnBeanCondition)

   TaskSchedulingConfigurations.SimpleAsyncTaskSchedulerBuilderConfiguration#simpleAsyncTaskSchedulerBuilderVirtualThreads:
      Did not match:
         - @ConditionalOnMissingBean (types: org.springframework.boot.task.SimpleAsyncTaskSchedulerBuilder; SearchStrategy: all) found beans of type 'org.springframework.boot.task.SimpleAsyncTaskSchedulerBuilder' simpleAsyncTaskSchedulerBuilder (OnBeanCondition)

   TaskSchedulingConfigurations.TaskSchedulerConfiguration:
      Did not match:
         - @ConditionalOnBean (names: org.springframework.context.annotation.internalScheduledAnnotationProcessor; SearchStrategy: all) did not find any beans named org.springframework.context.annotation.internalScheduledAnnotationProcessor (OnBeanCondition)

   ThreadDumpEndpointAutoConfiguration:
      Did not match:
         - @ConditionalOnAvailableEndpoint no 'management.endpoints' property marked it as exposed (OnAvailableEndpointCondition)

   ThymeleafAutoConfiguration:
      Did not match:
         - @ConditionalOnClass did not find required class 'org.thymeleaf.spring6.SpringTemplateEngine' (OnClassCondition)

   TransactionAutoConfiguration:
      Did not match:
         - @ConditionalOnClass did not find required class 'org.springframework.transaction.PlatformTransactionManager' (OnClassCondition)

   TransactionManagerCustomizationAutoConfiguration:
      Did not match:
         - @ConditionalOnClass did not find required class 'org.springframework.transaction.PlatformTransactionManager' (OnClassCondition)

   UserDetailsServiceAutoConfiguration:
      Did not match:
         - @ConditionalOnClass did not find required class 'org.springframework.security.authentication.AuthenticationManager' (OnClassCondition)

   ValidationAutoConfiguration:
      Did not match:
         - @ConditionalOnClass did not find required class 'jakarta.validation.executable.ExecutableValidator' (OnClassCondition)

   WavefrontAutoConfiguration:
      Did not match:
         - @ConditionalOnClass did not find required class 'com.wavefront.sdk.common.application.ApplicationTags' (OnClassCondition)

   WavefrontMetricsExportAutoConfiguration:
      Did not match:
         - @ConditionalOnClass did not find required class 'com.wavefront.sdk.common.WavefrontSender' (OnClassCondition)

   WavefrontTracingAutoConfiguration:
      Did not match:
         - @ConditionalOnClass did not find required class 'com.wavefront.sdk.common.WavefrontSender' (OnClassCondition)

   WebClientAutoConfiguration:
      Did not match:
         - @ConditionalOnClass did not find required class 'org.springframework.web.reactive.function.client.WebClient' (OnClassCondition)

   WebClientObservationConfiguration:
      Did not match:
         - @ConditionalOnClass did not find required class 'org.springframework.web.reactive.function.client.WebClient' (OnClassCondition)

   WebFluxAutoConfiguration:
      Did not match:
         - @ConditionalOnClass did not find required class 'org.springframework.web.reactive.config.WebFluxConfigurer' (OnClassCondition)

   WebFluxEndpointManagementContextConfiguration:
      Did not match:
         - @ConditionalOnClass did not find required class 'org.springframework.web.reactive.DispatcherHandler' (OnClassCondition)

   WebFluxObservationAutoConfiguration:
      Did not match:
         - @ConditionalOnWebApplication did not find reactive web application classes (OnWebApplicationCondition)

   WebMvcAutoConfiguration#hiddenHttpMethodFilter:
      Did not match:
         - @ConditionalOnProperty (spring.mvc.hiddenmethod.filter.enabled) did not find property 'enabled' (OnPropertyCondition)

   WebMvcAutoConfiguration.ProblemDetailsErrorHandlingConfiguration:
      Did not match:
         - @ConditionalOnProperty (spring.mvc.problemdetails.enabled=true) did not find property 'enabled' (OnPropertyCondition)

   WebMvcAutoConfiguration.ResourceChainCustomizerConfiguration:
      Did not match:
         - @ConditionalOnEnabledResourceChain did not find class org.webjars.WebJarAssetLocator (OnEnabledResourceChainCondition)

   WebMvcAutoConfiguration.WebMvcAutoConfigurationAdapter#beanNameViewResolver:
      Did not match:
         - @ConditionalOnMissingBean (types: org.springframework.web.servlet.view.BeanNameViewResolver; SearchStrategy: all) found beans of type 'org.springframework.web.servlet.view.BeanNameViewResolver' beanNameViewResolver (OnBeanCondition)

   WebMvcEndpointManagementContextConfiguration#managementHealthEndpointWebMvcHandlerMapping:
      Did not match:
         - Management Port actual port type (SAME) did not match required type (DIFFERENT) (OnManagementPortCondition)

   WebServiceTemplateAutoConfiguration:
      Did not match:
         - @ConditionalOnClass did not find required class 'org.springframework.oxm.Marshaller' (OnClassCondition)

   WebServicesAutoConfiguration:
      Did not match:
         - @ConditionalOnClass did not find required class 'org.springframework.ws.transport.http.MessageDispatcherServlet' (OnClassCondition)

   WebSessionIdResolverAutoConfiguration:
      Did not match:
         - @ConditionalOnClass did not find required class 'reactor.core.publisher.Mono' (OnClassCondition)

   WebSocketMessagingAutoConfiguration:
      Did not match:
         - @ConditionalOnClass did not find required class 'org.springframework.web.socket.config.annotation.WebSocketMessageBrokerConfigurer' (OnClassCondition)

   WebSocketReactiveAutoConfiguration:
      Did not match:
         - @ConditionalOnWebApplication did not find reactive web application classes (OnWebApplicationCondition)

   WebSocketServletAutoConfiguration.JettyWebSocketConfiguration:
      Did not match:
         - @ConditionalOnClass did not find required class 'org.eclipse.jetty.ee10.websocket.jakarta.server.config.JakartaWebSocketServletContainerInitializer' (OnClassCondition)

   WebSocketServletAutoConfiguration.UndertowWebSocketConfiguration:
      Did not match:
         - @ConditionalOnClass did not find required class 'io.undertow.websockets.jsr.Bootstrap' (OnClassCondition)

   XADataSourceAutoConfiguration:
      Did not match:
         - @ConditionalOnClass did not find required class 'jakarta.transaction.TransactionManager' (OnClassCondition)

   ZipkinAutoConfiguration:
      Did not match:
         - @ConditionalOnClass did not find required class 'zipkin2.reporter.Sender' (OnClassCondition)


Exclusions:
-----------

    None


Unconditional classes:
----------------------

    org.springframework.boot.autoconfigure.context.ConfigurationPropertiesAutoConfiguration

    org.springframework.boot.actuate.autoconfigure.availability.AvailabilityHealthContributorAutoConfiguration

    org.springframework.boot.autoconfigure.ssl.SslAutoConfiguration

    org.springframework.boot.actuate.autoconfigure.info.InfoContributorAutoConfiguration

    org.springframework.boot.autoconfigure.context.PropertyPlaceholderAutoConfiguration

    org.springframework.boot.autoconfigure.context.LifecycleAutoConfiguration

    org.springframework.boot.actuate.autoconfigure.metrics.integration.IntegrationMetricsAutoConfiguration

    org.springframework.boot.actuate.autoconfigure.endpoint.EndpointAutoConfiguration

    org.springframework.boot.actuate.autoconfigure.web.server.ManagementContextAutoConfiguration

    org.springframework.boot.actuate.autoconfigure.health.HealthContributorAutoConfiguration

    org.springframework.boot.actuate.autoconfigure.endpoint.jackson.JacksonEndpointAutoConfiguration

    org.springframework.boot.autoconfigure.availability.ApplicationAvailabilityAutoConfiguration

    org.springframework.boot.autoconfigure.info.ProjectInfoAutoConfiguration



2024-03-20T15:30:28.415+09:00  INFO 8612 --- [learn-spring-boot] [           main] c.i.s.l.LearnSpringBootApplicationTests  : Started LearnSpringBootApplicationTests in 1.153 seconds (process running for 1.698)
2024-03-20T15:30:28.444+09:00 DEBUG 8612 --- [learn-spring-boot] [           main] o.s.b.a.ApplicationAvailabilityBean      : Application availability state LivenessState changed to CORRECT
2024-03-20T15:30:28.445+09:00 DEBUG 8612 --- [learn-spring-boot] [           main] o.s.boot.devtools.restart.Restarter      : Creating new Restarter for thread Thread[main,5,main]
2024-03-20T15:30:28.445+09:00 DEBUG 8612 --- [learn-spring-boot] [           main] o.s.b.a.ApplicationAvailabilityBean      : Application availability state ReadinessState changed to ACCEPTING_TRAFFIC
2024-03-20T15:30:28.446+09:00 DEBUG 8612 --- [learn-spring-boot] [           main] org.springframework.test.context.cache   : Spring test ApplicationContext cache statistics: [DefaultContextCache@79252c83 size = 1, maxSize = 32, parentContextCount = 0, hitCount = 0, missCount = 1, failureCount = 0]
2024-03-20T15:30:28.446+09:00 DEBUG 8612 --- [learn-spring-boot] [           main] o.s.t.c.w.ServletTestExecutionListener   : Setting up MockHttpServletRequest, MockHttpServletResponse, ServletWebRequest, and RequestContextHolder for test class com.in28minules.springboot.learnspringboot.LearnSpringBootApplicationTests
2024-03-20T15:30:28.452+09:00 DEBUG 8612 --- [learn-spring-boot] [           main] DependencyInjectionTestExecutionListener : Performing dependency injection for test class com.in28minules.springboot.learnspringboot.LearnSpringBootApplicationTests
2024-03-20T15:30:28.452+09:00 DEBUG 8612 --- [learn-spring-boot] [           main] org.springframework.test.context.cache   : Spring test ApplicationContext cache statistics: [DefaultContextCache@79252c83 size = 1, maxSize = 32, parentContextCount = 0, hitCount = 1, missCount = 1, failureCount = 0]
2024-03-20T15:30:28.452+09:00 DEBUG 8612 --- [learn-spring-boot] [           main] org.springframework.test.context.cache   : Spring test ApplicationContext cache statistics: [DefaultContextCache@79252c83 size = 1, maxSize = 32, parentContextCount = 0, hitCount = 2, missCount = 1, failureCount = 0]
2024-03-20T15:30:28.459+09:00 DEBUG 8612 --- [learn-spring-boot] [           main] sContextBeforeModesTestExecutionListener : Before test method: class [LearnSpringBootApplicationTests], method [contextLoads], class annotated with @DirtiesContext [false] with mode [null], method annotated with @DirtiesContext [false] with mode [null]
2024-03-20T15:30:28.459+09:00 DEBUG 8612 --- [learn-spring-boot] [           main] org.springframework.test.context.cache   : Spring test ApplicationContext cache statistics: [DefaultContextCache@79252c83 size = 1, maxSize = 32, parentContextCount = 0, hitCount = 3, missCount = 1, failureCount = 0]
2024-03-20T15:30:28.460+09:00 DEBUG 8612 --- [learn-spring-boot] [           main] org.springframework.test.context.cache   : Spring test ApplicationContext cache statistics: [DefaultContextCache@79252c83 size = 1, maxSize = 32, parentContextCount = 0, hitCount = 4, missCount = 1, failureCount = 0]
2024-03-20T15:30:28.945+09:00 DEBUG 8612 --- [learn-spring-boot] [           main] org.springframework.test.context.cache   : Spring test ApplicationContext cache statistics: [DefaultContextCache@79252c83 size = 1, maxSize = 32, parentContextCount = 0, hitCount = 5, missCount = 1, failureCount = 0]
2024-03-20T15:30:28.949+09:00 DEBUG 8612 --- [learn-spring-boot] [           main] org.springframework.test.context.cache   : Spring test ApplicationContext cache statistics: [DefaultContextCache@79252c83 size = 1, maxSize = 32, parentContextCount = 0, hitCount = 6, missCount = 1, failureCount = 0]
2024-03-20T15:30:28.949+09:00 DEBUG 8612 --- [learn-spring-boot] [           main] org.springframework.test.context.cache   : Spring test ApplicationContext cache statistics: [DefaultContextCache@79252c83 size = 1, maxSize = 32, parentContextCount = 0, hitCount = 7, missCount = 1, failureCount = 0]
2024-03-20T15:30:28.949+09:00 DEBUG 8612 --- [learn-spring-boot] [           main] org.springframework.test.context.cache   : Spring test ApplicationContext cache statistics: [DefaultContextCache@79252c83 size = 1, maxSize = 32, parentContextCount = 0, hitCount = 8, missCount = 1, failureCount = 0]
2024-03-20T15:30:28.950+09:00 DEBUG 8612 --- [learn-spring-boot] [           main] org.springframework.test.context.cache   : Spring test ApplicationContext cache statistics: [DefaultContextCache@79252c83 size = 1, maxSize = 32, parentContextCount = 0, hitCount = 9, missCount = 1, failureCount = 0]
2024-03-20T15:30:28.950+09:00 DEBUG 8612 --- [learn-spring-boot] [           main] org.springframework.test.context.cache   : Spring test ApplicationContext cache statistics: [DefaultContextCache@79252c83 size = 1, maxSize = 32, parentContextCount = 0, hitCount = 10, missCount = 1, failureCount = 0]
2024-03-20T15:30:28.951+09:00 DEBUG 8612 --- [learn-spring-boot] [           main] org.springframework.test.context.cache   : Spring test ApplicationContext cache statistics: [DefaultContextCache@79252c83 size = 1, maxSize = 32, parentContextCount = 0, hitCount = 11, missCount = 1, failureCount = 0]
2024-03-20T15:30:28.951+09:00 DEBUG 8612 --- [learn-spring-boot] [           main] .c.s.DirtiesContextTestExecutionListener : After test method: class [LearnSpringBootApplicationTests], method [contextLoads], class annotated with @DirtiesContext [false] with mode [null], method annotated with @DirtiesContext [false] with mode [null]
2024-03-20T15:30:28.951+09:00 DEBUG 8612 --- [learn-spring-boot] [           main] o.s.t.c.w.ServletTestExecutionListener   : Resetting RequestContextHolder for test class com.in28minules.springboot.learnspringboot.LearnSpringBootApplicationTests
]]></system-out>
  </testcase>
</testsuite>